-------------------------------------------------------------------------------
Test set: starter.CucumberTestSuite
-------------------------------------------------------------------------------
Tests run: 18, Failures: 1, Errors: 3, Skipped: 0, Time elapsed: 640.528 s <<< FAILURE! - in starter.CucumberTestSuite
Periode Management.Change/delete a period that is in progress  Time elapsed: 29.484 s  <<< FAILURE!
java.lang.AssertionError: Tidak ada tombol aktif di kolom aksi baris 6

Periode Management.Continue a period that is paused  Time elapsed: 36.502 s  <<< ERROR!
net.thucydides.core.webdriver.exceptions.ElementShouldBeEnabledException: Expected enabled element was not enabled
Caused by: org.openqa.selenium.TimeoutException: Expected condition failed: waiting for By.cssSelector: button.btn-resume to be clickable (tried for 5 second(s) with 100 milliseconds interval)
Caused by: org.openqa.selenium.NoSuchElementException: 
no such element: Unable to locate element: {"method":"css selector","selector":"button.btn-resume"}
  (Session info: chrome=141.0.7390.55)
For documentation on this error, please visit: https://selenium.dev/exceptions/#no_such_element
Build info: version: '4.8.1', revision: '8ebccac989'
System info: os.name: 'Windows 11', os.arch: 'amd64', os.version: '10.0', java.version: '19.0.2'
Driver info: org.openqa.selenium.chrome.ChromeDriver
Command: [5cb4aed7f0c3dde80d5ea1025bd005f1, findElement {using=css selector, value=button.btn-resume}]
Capabilities {acceptInsecureCerts: true, browserName: chrome, browserVersion: 141.0.7390.55, chrome: {chromedriverVersion: 141.0.7390.78 (2b53b0e231fc..., userDataDir: C:\Users\Riska\AppData\Loca...}, fedcm:accounts: true, goog:chromeOptions: {debuggerAddress: localhost:54331}, networkConnectionEnabled: false, pageLoadStrategy: normal, platformName: WINDOWS, proxy: Proxy(), se:cdp: ws://localhost:54331/devtoo..., se:cdpVersion: 141.0.7390.55, setWindowRect: true, strictFileInteractability: false, timeouts: {implicit: 0, pageLoad: 300000, script: 30000}, unhandledPromptBehavior: dismiss and notify, webauthn:extension:credBlob: true, webauthn:extension:largeBlob: true, webauthn:extension:minPinLength: true, webauthn:extension:prf: true, webauthn:virtualAuthenticators: true}
Session ID: 5cb4aed7f0c3dde80d5ea1025bd005f1

Profile Management.Edit account email with a new valid email  Time elapsed: 109.905 s  <<< ERROR!
org.openqa.selenium.NoSuchElementException: 
Expected condition failed: waiting for By.xpath: //div[contains(text(),'Berhasil') or contains(text(),'Email berhasil') or contains(text(),'sukses')] to be displayed (tried for 5 second(s) with 100 milliseconds interval)
Build info: version: '4.8.1', revision: '8ebccac989'
System info: os.name: 'Windows 11', os.arch: 'amd64', os.version: '10.0', java.version: '19.0.2'
Driver info: driver.version: unknown
Caused by: org.openqa.selenium.TimeoutException: 
Expected condition failed: waiting for By.xpath: //div[contains(text(),'Berhasil') or contains(text(),'Email berhasil') or contains(text(),'sukses')] to be displayed (tried for 5 second(s) with 100 milliseconds interval)
Build info: version: '4.8.1', revision: '8ebccac989'
System info: os.name: 'Windows 11', os.arch: 'amd64', os.version: '10.0', java.version: '19.0.2'
Driver info: driver.version: unknown

Profile Management.Edit password with a new valid password  Time elapsed: 48.278 s  <<< ERROR!
org.openqa.selenium.NoSuchElementException: 
Expected condition failed: waiting for By.xpath: //div[contains(text(),'Kata sandi berhasil') or contains(text(),'Password updated') or contains(text(),'berhasil')] to be displayed (tried for 5 second(s) with 100 milliseconds interval)
Build info: version: '4.8.1', revision: '8ebccac989'
System info: os.name: 'Windows 11', os.arch: 'amd64', os.version: '10.0', java.version: '19.0.2'
Driver info: driver.version: unknown
Caused by: org.openqa.selenium.TimeoutException: 
Expected condition failed: waiting for By.xpath: //div[contains(text(),'Kata sandi berhasil') or contains(text(),'Password updated') or contains(text(),'berhasil')] to be displayed (tried for 5 second(s) with 100 milliseconds interval)
Build info: version: '4.8.1', revision: '8ebccac989'
System info: os.name: 'Windows 11', os.arch: 'amd64', os.version: '10.0', java.version: '19.0.2'
Driver info: driver.version: unknown

