<?xml version="1.0" encoding="UTF-8"?>
<testsuite xmlns:xsi="http://www.w3.org/2001/XMLSchema-instance" xsi:noNamespaceSchemaLocation="https://maven.apache.org/surefire/maven-failsafe-plugin/xsd/failsafe-test-report-3.0.xsd" version="3.0" name="starter.CucumberTestSuite" time="74.459" tests="1" errors="1" skipped="0" failures="0">
  <properties>
[...]
</properties>
  <testcase name="make a submission to add stakeholders" classname="Stakeholder" time="65.465">
    <error type="org.openqa.selenium.ElementClickInterceptedException"><![CDATA[org.openqa.selenium.ElementClickInterceptedException: 
element click intercepted: Element <a id="wizard3-t-4" href="#wizard3-h-4" aria-controls="wizard3-p-4">...</a> is not clickable at point (910, 19). Other element would receive the click: <li class="dropdown main-profile-menu nav nav-item nav-link">...</li>
  (Session info: chrome=142.0.7444.59)
Build info: version: '4.8.1', revision: '8ebccac989'
System info: os.name: 'Windows 11', os.arch: 'amd64', os.version: '10.0', java.version: '19.0.2'
Driver info: org.openqa.selenium.chrome.ChromeDriver
Command: [40dd50c09bd17550bf1d6c127a70e91f, clickElement {id=f.21527BF0E2DA551384A88EF364E60F33.d.D68E54FE2784CA54F43368AB6DAB832E.e.288}]
Capabilities {acceptInsecureCerts: true, browserName: chrome, browserVersion: 142.0.7444.59, chrome: {chromedriverVersion: 142.0.7444.61 (9884f628acbc..., userDataDir: C:\Users\Riska\AppData\Loca...}, fedcm:accounts: true, goog:chromeOptions: {debuggerAddress: localhost:52839}, goog:processID: 6660, networkConnectionEnabled: false, pageLoadStrategy: normal, platformName: WINDOWS, proxy: Proxy(), se:cdp: ws://localhost:52839/devtoo..., se:cdpVersion: 142.0.7444.59, setWindowRect: true, strictFileInteractability: false, timeouts: {implicit: 0, pageLoad: 300000, script: 30000}, unhandledPromptBehavior: dismiss and notify, webauthn:extension:credBlob: true, webauthn:extension:largeBlob: true, webauthn:extension:minPinLength: true, webauthn:extension:prf: true, webauthn:virtualAuthenticators: true}
Element: [[ChromeDriver: chrome on WINDOWS (40dd50c09bd17550bf1d6c127a70e91f)] -> xpath: //a[contains(.,'Hub. Dengan Perusahaan')]]
Session ID: 40dd50c09bd17550bf1d6c127a70e91f
]]></error>
    <system-out><![CDATA[15:44:08.904 [main] DEBUG net.thucydides.core.guice.Injectors - Created injector for module net.thucydides.core.guice.ThucydidesModule
15:44:09.543 [main] DEBUG io.cucumber.core.plugin.SerenityReporter - Running feature from file:///D:/Test/Sosio.test-web/src/test/resources/features/Auth.feature
15:44:09.837 [main] DEBUG net.thucydides.core.guice.Injectors - Created injector for module net.thucydides.core.guice.webdriver.WebDriverModule
15:44:09.882 [main] INFO  - 

-------------------------------------------------------------------------------------
     _______. _______ .______       _______ .__   __.  __  .___________.____    ____ 
    /       ||   ____||   _  \     |   ____||  \ |  | |  | |           |\   \  /   / 
   |   (----`|  |__   |  |_)  |    |  |__   |   \|  | |  | `---|  |----` \   \/   /  
    \   \    |   __|  |      /     |   __|  |  . `  | |  |     |  |       \_    _/   
.----)   |   |  |____ |  |\  \----.|  |____ |  |\   | |  |     |  |         |  |     
|_______/    |_______|| _| `._____||_______||__| \__| |__|     |__|         |__|    
                                                                                     
 News and tutorials at http://www.serenity-bdd.info                                  
 Documentation at https://wakaleo.gitbooks.io/the-serenity-book/content/             
 Join the Serenity Community on Gitter: https://gitter.im/serenity-bdd/serenity-core 
 Serenity BDD Support and Training at http://serenity-bdd.info/#/trainingandsupport  
-------------------------------------------------------------------------------------

15:44:09.887 [main] DEBUG net.thucydides.core.steps.StepEventBus - Test suite started for story net.thucydides.core.model.Story@1c659287
15:44:09.892 [main] INFO  - Test Suite Started: Login
15:44:09.912 [main] DEBUG io.cucumber.core.plugin.SerenityReporter - Running feature from file:///D:/Test/Sosio.test-web/src/test/resources/features/Logout.feature
15:44:09.919 [main] DEBUG net.thucydides.core.steps.StepEventBus - Test suite started for story net.thucydides.core.model.Story@7960de68
15:44:09.920 [main] INFO  - Test Suite Started: Logout
15:44:09.920 [main] DEBUG io.cucumber.core.plugin.SerenityReporter - Running feature from file:///D:/Test/Sosio.test-web/src/test/resources/features/Periode.feature
15:44:09.941 [main] DEBUG net.thucydides.core.steps.StepEventBus - Test suite started for story net.thucydides.core.model.Story@19956040
15:44:09.942 [main] INFO  - Test Suite Started: Periode Management
15:44:09.942 [main] DEBUG io.cucumber.core.plugin.SerenityReporter - Running feature from file:///D:/Test/Sosio.test-web/src/test/resources/features/Profile.feature
15:44:09.957 [main] DEBUG net.thucydides.core.steps.StepEventBus - Test suite started for story net.thucydides.core.model.Story@2ca9098a
15:44:09.970 [main] INFO  - Test Suite Started: Profile Management
15:44:09.970 [main] DEBUG io.cucumber.core.plugin.SerenityReporter - Running feature from file:///D:/Test/Sosio.test-web/src/test/resources/features/Stakeholder.feature
15:44:09.982 [main] DEBUG net.thucydides.core.steps.StepEventBus - Test suite started for story net.thucydides.core.model.Story@2ac101a8
15:44:09.983 [main] INFO  - Test Suite Started: Stakeholder
15:44:09.984 [main] DEBUG io.cucumber.core.plugin.SerenityReporter - Running feature from file:///D:/Test/Sosio.test-web/src/test/resources/features/Stakeholder.feature
15:44:09.991 [main] DEBUG net.thucydides.core.steps.StepEventBus - Test suite started for story net.thucydides.core.model.Story@2ac101a8
15:44:09.993 [main] INFO  - Test Suite Started: Stakeholder

@AddStakeholder
Scenario: make a submission to add stakeholders                          &amp#27;[90m# src/test/resources/features/Stakeholder.feature:14&amp#27;[0m
15:44:10.234 [main] DEBUG io.cucumber.core.plugin.SerenityReporter - Running feature from file:///D:/Test/Sosio.test-web/src/test/resources/features/Stakeholder.feature
15:44:10.454 [main] INFO  - 
  _____   ___   ___   _____     ___   _____     _     ___   _____   ___   ___  
 |_   _| | __| / __| |_   _|   / __| |_   _|   /_\   | _ \ |_   _| | __| |   \ 
   | |   | _|  \__ \   | |     \__ \   | |    / _ \  |   /   | |   | _|  | |) |
   |_|   |___| |___/   |_|     |___/   |_|   /_/ \_\ |_|_\   |_|   |___| |___/ 

make a submission to add stakeholders(stakeholder;make-a-submission-to-add-stakeholders)
--------------------------------------------------------------------------------
15:44:10.548 [main] DEBUG net.thucydides.core.requirements.model.cucumber.CucumberParser - Loading feature D:\Test\Sosio.test-web\src\test\resources\features\Auth.feature
15:44:10.579 [main] DEBUG net.thucydides.core.requirements.model.cucumber.CucumberParser - Loading feature D:\Test\Sosio.test-web\src\test\resources\features\Logout.feature
15:44:10.585 [main] DEBUG net.thucydides.core.requirements.model.cucumber.CucumberParser - Loading feature D:\Test\Sosio.test-web\src\test\resources\features\Periode.feature
15:44:10.607 [main] DEBUG net.thucydides.core.requirements.model.cucumber.CucumberParser - Loading feature D:\Test\Sosio.test-web\src\test\resources\features\Profile.feature
15:44:10.615 [main] DEBUG net.thucydides.core.requirements.model.cucumber.CucumberParser - Loading feature D:\Test\Sosio.test-web\src\test\resources\features\Stakeholder.feature
15:44:12.124 [main] INFO net.serenitybdd.core.webdriver.driverproviders.DriverProvider - Using WebDriverManager configuration for chrome
15:44:12.166 [main] DEBUG io.github.bonigarcia.wdm.WebDriverManager - Using WebDriverManager 5.9.2
15:44:12.898 [main] DEBUG io.github.bonigarcia.wdm.cache.ResolutionCache - Resolution chrome=142 in cache (valid until 16:18:55 06/11/2025 WIB)
15:44:12.900 [main] DEBUG io.github.bonigarcia.wdm.cache.ResolutionCache - Resolution chrome142=142.0.7444.61 in cache (valid until 09:56:38 07/11/2025 WIB)
15:44:12.901 [main] INFO io.github.bonigarcia.wdm.WebDriverManager - Using chromedriver 142.0.7444.61 (resolved driver for Chrome 142)
15:44:12.930 [main] DEBUG io.github.bonigarcia.wdm.WebDriverManager - Driver chromedriver 142.0.7444.61 found in cache
15:44:12.931 [main] INFO io.github.bonigarcia.wdm.WebDriverManager - Exporting webdriver.chrome.driver as C:\Users\Riska\.cache\selenium\chromedriver\win64\142.0.7444.61\chromedriver.exe
15:44:13.068 [main] INFO net.serenitybdd.core.webdriver.driverproviders.ChromeDriverProvider - Starting Chrome driver instance with capabilities:
15:44:13.072 [main] INFO net.serenitybdd.core.webdriver.driverproviders.ChromeDriverProvider - Capabilities {acceptInsecureCerts: true, browserName: chrome, goog:chromeOptions: {args: [remote-allow-origins=*, test-type, no-sandbox, ignore-certificate-errors, --window-size=1000,800, incognito, disable-infobars, disable-gpu, disable-default-apps, disable-popup-blocking, remote-allow-origins=*, test-type, no-sandbox, ignore-certificate-errors, --window-size=1000,800, incognito, disable-infobars, disable-gpu, disable-default-apps, disable-popup-blocking, remote-allow-origins=*], extensions: []}}
15:44:13.231 [main] DEBUG io.netty.util.internal.logging.InternalLoggerFactory - Using SLF4J as the default logging framework
15:44:13.235 [main] DEBUG io.netty.util.ResourceLeakDetector - -Dio.netty.leakDetection.level: simple
15:44:13.235 [main] DEBUG io.netty.util.ResourceLeakDetector - -Dio.netty.leakDetection.targetRecords: 4
15:44:13.241 [main] DEBUG io.netty.util.ResourceLeakDetectorFactory - Loaded default ResourceLeakDetector: io.netty.util.ResourceLeakDetector@2aa6bbad
15:44:13.271 [main] DEBUG io.netty.util.internal.PlatformDependent0 - -Dio.netty.noUnsafe: false
15:44:13.271 [main] DEBUG io.netty.util.internal.PlatformDependent0 - Java version: 19
15:44:13.272 [main] DEBUG io.netty.util.internal.PlatformDependent0 - sun.misc.Unsafe.theUnsafe: available
15:44:13.273 [main] DEBUG io.netty.util.internal.PlatformDependent0 - sun.misc.Unsafe.copyMemory: available
15:44:13.274 [main] DEBUG io.netty.util.internal.PlatformDependent0 - sun.misc.Unsafe.storeFence: available
15:44:13.276 [main] DEBUG io.netty.util.internal.PlatformDependent0 - java.nio.Buffer.address: available
15:44:13.277 [main] DEBUG io.netty.util.internal.PlatformDependent0 - direct buffer constructor: unavailable: Reflective setAccessible(true) disabled
15:44:13.278 [main] DEBUG io.netty.util.internal.PlatformDependent0 - java.nio.Bits.unaligned: available, true
15:44:13.280 [main] DEBUG io.netty.util.internal.PlatformDependent0 - jdk.internal.misc.Unsafe.allocateUninitializedArray(int): unavailable: class io.netty.util.internal.PlatformDependent0$7 cannot access class jdk.internal.misc.Unsafe (in module java.base) because module java.base does not export jdk.internal.misc to unnamed module @1eb5174b
15:44:13.283 [main] DEBUG io.netty.util.internal.PlatformDependent0 - java.nio.DirectByteBuffer.<init>(long, int): unavailable
15:44:13.284 [main] DEBUG io.netty.util.internal.PlatformDependent - sun.misc.Unsafe: available
15:44:13.286 [main] DEBUG io.netty.util.internal.PlatformDependent - maxDirectMemory: 1595932672 bytes (maybe)
15:44:13.287 [main] DEBUG io.netty.util.internal.PlatformDependent - -Dio.netty.tmpdir: C:\Users\Riska\AppData\Local\Temp (java.io.tmpdir)
15:44:13.287 [main] DEBUG io.netty.util.internal.PlatformDependent - -Dio.netty.bitMode: 64 (sun.arch.data.model)
15:44:13.287 [main] DEBUG io.netty.util.internal.PlatformDependent - Platform: Windows
15:44:13.288 [main] DEBUG io.netty.util.internal.PlatformDependent - -Dio.netty.maxDirectMemory: -1 bytes
15:44:13.288 [main] DEBUG io.netty.util.internal.PlatformDependent - -Dio.netty.uninitializedArrayAllocationThreshold: -1
15:44:13.289 [main] DEBUG io.netty.util.internal.CleanerJava9 - java.nio.ByteBuffer.cleaner(): available
15:44:13.290 [main] DEBUG io.netty.util.internal.PlatformDependent - -Dio.netty.noPreferDirect: false
15:44:13.299 [main] DEBUG io.netty.util.internal.PlatformDependent - org.jctools-core.MpscChunkedArrayQueue: available
15:44:13.323 [main] DEBUG io.netty.util.internal.InternalThreadLocalMap - -Dio.netty.threadLocalMap.stringBuilder.initialSize: 1024
15:44:13.324 [main] DEBUG io.netty.util.internal.InternalThreadLocalMap - -Dio.netty.threadLocalMap.stringBuilder.maxSize: 4096
15:44:13.401 [main] DEBUG io.netty.handler.ssl.JdkSslContext - Default protocols (JDK): [TLSv1.3, TLSv1.2] 
15:44:13.401 [main] DEBUG io.netty.handler.ssl.JdkSslContext - Default cipher suites (JDK): [TLS_ECDHE_ECDSA_WITH_AES_256_GCM_SHA384, TLS_ECDHE_ECDSA_WITH_AES_128_GCM_SHA256, TLS_ECDHE_RSA_WITH_AES_128_GCM_SHA256, TLS_ECDHE_RSA_WITH_AES_256_GCM_SHA384, TLS_ECDHE_RSA_WITH_AES_128_CBC_SHA, TLS_ECDHE_RSA_WITH_AES_256_CBC_SHA, TLS_RSA_WITH_AES_128_GCM_SHA256, TLS_RSA_WITH_AES_128_CBC_SHA, TLS_RSA_WITH_AES_256_CBC_SHA, TLS_AES_128_GCM_SHA256, TLS_AES_256_GCM_SHA384]
15:44:13.437 [main] DEBUG io.netty.channel.MultithreadEventLoopGroup - -Dio.netty.eventLoopThreads: 8
15:44:13.450 [main] DEBUG io.netty.channel.nio.NioEventLoop - -Dio.netty.noKeySetOptimization: false
15:44:13.450 [main] DEBUG io.netty.channel.nio.NioEventLoop - -Dio.netty.selectorAutoRebuildThreshold: 512
15:44:13.516 [main] DEBUG io.netty.buffer.PooledByteBufAllocator - -Dio.netty.allocator.numHeapArenas: 8
15:44:13.516 [main] DEBUG io.netty.buffer.PooledByteBufAllocator - -Dio.netty.allocator.numDirectArenas: 8
15:44:13.516 [main] DEBUG io.netty.buffer.PooledByteBufAllocator - -Dio.netty.allocator.pageSize: 8192
15:44:13.516 [main] DEBUG io.netty.buffer.PooledByteBufAllocator - -Dio.netty.allocator.maxOrder: 9
15:44:13.516 [main] DEBUG io.netty.buffer.PooledByteBufAllocator - -Dio.netty.allocator.chunkSize: 4194304
15:44:13.516 [main] DEBUG io.netty.buffer.PooledByteBufAllocator - -Dio.netty.allocator.smallCacheSize: 256
15:44:13.516 [main] DEBUG io.netty.buffer.PooledByteBufAllocator - -Dio.netty.allocator.normalCacheSize: 64
15:44:13.516 [main] DEBUG io.netty.buffer.PooledByteBufAllocator - -Dio.netty.allocator.maxCachedBufferCapacity: 32768
15:44:13.516 [main] DEBUG io.netty.buffer.PooledByteBufAllocator - -Dio.netty.allocator.cacheTrimInterval: 8192
15:44:13.516 [main] DEBUG io.netty.buffer.PooledByteBufAllocator - -Dio.netty.allocator.cacheTrimIntervalMillis: 0
15:44:13.516 [main] DEBUG io.netty.buffer.PooledByteBufAllocator - -Dio.netty.allocator.useCacheForAllThreads: false
15:44:13.516 [main] DEBUG io.netty.buffer.PooledByteBufAllocator - -Dio.netty.allocator.maxCachedByteBuffersPerChunk: 1023
15:44:13.542 [main] DEBUG io.netty.buffer.ByteBufUtil - -Dio.netty.allocator.type: pooled
15:44:13.542 [main] DEBUG io.netty.buffer.ByteBufUtil - -Dio.netty.threadLocalDirectBufferSize: 0
15:44:13.542 [main] DEBUG io.netty.buffer.ByteBufUtil - -Dio.netty.maxThreadLocalCharBufferSize: 16384
15:44:13.891 [Forwarding newSession on session null to remote] DEBUG io.netty.channel.DefaultChannelId - -Dio.netty.processId: 17384 (auto-detected)
15:44:13.893 [Forwarding newSession on session null to remote] DEBUG io.netty.util.NetUtil - -Djava.net.preferIPv4Stack: false
15:44:13.894 [Forwarding newSession on session null to remote] DEBUG io.netty.util.NetUtil - -Djava.net.preferIPv6Addresses: false
15:44:13.909 [Forwarding newSession on session null to remote] DEBUG io.netty.util.NetUtilInitializations - Loopback interface: lo (Software Loopback Interface 1, 127.0.0.1)
15:44:13.910 [Forwarding newSession on session null to remote] DEBUG io.netty.util.NetUtil - Failed to get SOMAXCONN from sysctl and file \proc\sys\net\core\somaxconn. Default: 200
15:44:13.934 [Forwarding newSession on session null to remote] DEBUG io.netty.channel.DefaultChannelId - -Dio.netty.machineId: f4:7b:09:ff:fe:56:69:d6 (auto-detected)
15:44:13.981 [AsyncHttpClient-1-2] DEBUG io.netty.buffer.AbstractByteBuf - -Dio.netty.buffer.checkAccessible: true
15:44:13.981 [AsyncHttpClient-1-2] DEBUG io.netty.buffer.AbstractByteBuf - -Dio.netty.buffer.checkBounds: true
15:44:13.981 [AsyncHttpClient-1-2] DEBUG io.netty.util.ResourceLeakDetectorFactory - Loaded default ResourceLeakDetector: io.netty.util.ResourceLeakDetector@5309472b
15:44:13.993 [AsyncHttpClient-1-2] DEBUG org.asynchttpclient.netty.channel.NettyConnectListener - Using new Channel '[id: 0xfeb39d15, L:/127.0.0.1:52838 - R:localhost/127.0.0.1:30795]' for 'POST' to '/session'
15:44:14.008 [AsyncHttpClient-1-2] DEBUG io.netty.util.Recycler - -Dio.netty.recycler.maxCapacityPerThread: 4096
15:44:14.008 [AsyncHttpClient-1-2] DEBUG io.netty.util.Recycler - -Dio.netty.recycler.ratio: 8
15:44:14.008 [AsyncHttpClient-1-2] DEBUG io.netty.util.Recycler - -Dio.netty.recycler.chunkSize: 32
15:44:14.008 [AsyncHttpClient-1-2] DEBUG io.netty.util.Recycler - -Dio.netty.recycler.blocking: false
15:44:15.959 [AsyncHttpClient-1-2] DEBUG io.netty.handler.codec.compression.Brotli - brotli4j not in the classpath; Brotli support will be unavailable.
15:44:15.959 [AsyncHttpClient-1-2] DEBUG org.asynchttpclient.netty.handler.HttpHandler - 

Request DefaultHttpRequest(decodeResult: success, version: HTTP/1.1)
POST /session HTTP/1.1
User-Agent: selenium/4.8.1 (java windows)
Content-Length: 1729
Content-Type: application/json; charset=utf-8
host: localhost:30795
accept: */*

Response DefaultHttpResponse(decodeResult: success, version: HTTP/1.1)
HTTP/1.1 200 OK
Content-Length: 902
Content-Type: application/json; charset=utf-8
cache-control: no-cache

15:44:16.005 [AsyncHttpClient-1-2] DEBUG org.asynchttpclient.netty.channel.ChannelManager - Adding key: http://localhost:30795 for channel [id: 0xfeb39d15, L:/127.0.0.1:52838 - R:localhost/127.0.0.1:30795]
15:44:16.366 [AsyncHttpClient-1-3] DEBUG org.asynchttpclient.netty.channel.NettyConnectListener - Using new Channel '[id: 0x73537d6d, L:/127.0.0.1:49579 - R:localhost/127.0.0.1:52839]' for 'GET' to '/json/version'
15:44:16.376 [AsyncHttpClient-1-3] DEBUG org.asynchttpclient.netty.handler.HttpHandler - 

Request DefaultFullHttpRequest(decodeResult: success, version: HTTP/1.1, content: EmptyByteBufBE)
GET /json/version HTTP/1.1
User-Agent: selenium/4.8.1 (java windows)
host: localhost:52839
accept: */*

Response DefaultHttpResponse(decodeResult: success, version: HTTP/1.1)
HTTP/1.1 200 OK
Content-Security-Policy: frame-ancestors 'none'
Content-Length: 423
Content-Type: application/json; charset=UTF-8

15:44:16.376 [AsyncHttpClient-1-3] DEBUG org.asynchttpclient.netty.channel.ChannelManager - Adding key: http://localhost:52839 for channel [id: 0x73537d6d, L:/127.0.0.1:49579 - R:localhost/127.0.0.1:52839]
15:44:16.390 [main] DEBUG io.netty.util.internal.ThreadLocalRandom - -Dio.netty.initialSeedUniquifier: 0x5b6f5e1c54a18874
15:44:16.395 [AsyncHttpClient-1-4] DEBUG org.asynchttpclient.netty.channel.NettyConnectListener - Using new Channel '[id: 0x7ba5a958, L:/127.0.0.1:49580 - R:localhost/127.0.0.1:52839]' for 'GET' to '/devtools/browser/1849ebe4-77a4-43ce-b3db-54e18b7d4472'
15:44:16.401 [AsyncHttpClient-1-4] DEBUG org.asynchttpclient.netty.handler.WebSocketHandler - 

Request DefaultFullHttpRequest(decodeResult: success, version: HTTP/1.1, content: EmptyByteBufBE)
GET /devtools/browser/1849ebe4-77a4-43ce-b3db-54e18b7d4472 HTTP/1.1
upgrade: websocket
connection: upgrade
sec-websocket-key: D/64m3G3jX/neZdYfp2XbQ==
sec-websocket-version: 13
origin: http://localhost:52839
host: localhost:52839
accept: */*
user-agent: AHC/2.1

Response DefaultHttpResponse(decodeResult: success, version: HTTP/1.1)
HTTP/1.1 101 WebSocket Protocol Handshake
Upgrade: WebSocket
Connection: Upgrade
Sec-WebSocket-Accept: WUKk4V9ovmGRZ0eiEd3mvZceF3U=

15:44:16.600 [Forwarding get on session 40dd50c09bd17550bf1d6c127a70e91f to remote] DEBUG org.asynchttpclient.netty.request.NettyRequestSender - Using pooled Channel '[id: 0xfeb39d15, L:/127.0.0.1:52838 - R:localhost/127.0.0.1:30795]' for 'POST' to 'http://localhost:30795/session/40dd50c09bd17550bf1d6c127a70e91f/url'
15:44:16.600 [Forwarding get on session 40dd50c09bd17550bf1d6c127a70e91f to remote] DEBUG org.asynchttpclient.netty.request.NettyRequestSender - Using open Channel [id: 0xfeb39d15, L:/127.0.0.1:52838 - R:localhost/127.0.0.1:30795] for POST '/session/40dd50c09bd17550bf1d6c127a70e91f/url'
15:44:16.712 [AsyncHttpClient-1-1] DEBUG org.asynchttpclient.netty.channel.DefaultChannelPool - Entry count for : http://localhost:52839 : 1
15:44:17.021 [AsyncHttpClient-1-2] DEBUG org.asynchttpclient.netty.handler.HttpHandler - 

Request DefaultHttpRequest(decodeResult: success, version: HTTP/1.1)
POST /session/40dd50c09bd17550bf1d6c127a70e91f/url HTTP/1.1
User-Agent: selenium/4.8.1 (java windows)
Content-Length: 59
Content-Type: application/json; charset=utf-8
host: localhost:30795
accept: */*

Response DefaultHttpResponse(decodeResult: success, version: HTTP/1.1)
HTTP/1.1 200 OK
Content-Length: 14
Content-Type: application/json; charset=utf-8
cache-control: no-cache

15:44:17.021 [AsyncHttpClient-1-2] DEBUG org.asynchttpclient.netty.channel.ChannelManager - Adding key: http://localhost:30795 for channel [id: 0xfeb39d15, L:/127.0.0.1:52838 - R:localhost/127.0.0.1:30795]
15:44:17.062 [Forwarding setTimeout on session 40dd50c09bd17550bf1d6c127a70e91f to remote] DEBUG org.asynchttpclient.netty.request.NettyRequestSender - Using pooled Channel '[id: 0xfeb39d15, L:/127.0.0.1:52838 - R:localhost/127.0.0.1:30795]' for 'POST' to 'http://localhost:30795/session/40dd50c09bd17550bf1d6c127a70e91f/timeouts'
15:44:17.063 [Forwarding setTimeout on session 40dd50c09bd17550bf1d6c127a70e91f to remote] DEBUG org.asynchttpclient.netty.request.NettyRequestSender - Using open Channel [id: 0xfeb39d15, L:/127.0.0.1:52838 - R:localhost/127.0.0.1:30795] for POST '/session/40dd50c09bd17550bf1d6c127a70e91f/timeouts'
15:44:17.066 [AsyncHttpClient-1-2] DEBUG org.asynchttpclient.netty.handler.HttpHandler - 

Request DefaultHttpRequest(decodeResult: success, version: HTTP/1.1)
POST /session/40dd50c09bd17550bf1d6c127a70e91f/timeouts HTTP/1.1
User-Agent: selenium/4.8.1 (java windows)
Content-Length: 22
Content-Type: application/json; charset=utf-8
host: localhost:30795
accept: */*

Response DefaultHttpResponse(decodeResult: success, version: HTTP/1.1)
HTTP/1.1 200 OK
Content-Length: 14
Content-Type: application/json; charset=utf-8
cache-control: no-cache

15:44:17.067 [AsyncHttpClient-1-2] DEBUG org.asynchttpclient.netty.channel.ChannelManager - Adding key: http://localhost:30795 for channel [id: 0xfeb39d15, L:/127.0.0.1:52838 - R:localhost/127.0.0.1:30795]
15:44:17.324 [main] DEBUG net.serenitybdd.core.photography.Darkroom - Opening darkroom
15:44:17.335 [Darkroom Processing Line] DEBUG net.serenitybdd.core.photography.DarkroomProcessingLine - Darkroom processing line starting up
15:44:17.356 [Forwarding getAlertText on session 40dd50c09bd17550bf1d6c127a70e91f to remote] DEBUG org.asynchttpclient.netty.request.NettyRequestSender - Using pooled Channel '[id: 0xfeb39d15, L:/127.0.0.1:52838 - R:localhost/127.0.0.1:30795]' for 'GET' to 'http://localhost:30795/session/40dd50c09bd17550bf1d6c127a70e91f/alert/text'
15:44:17.357 [Forwarding getAlertText on session 40dd50c09bd17550bf1d6c127a70e91f to remote] DEBUG org.asynchttpclient.netty.request.NettyRequestSender - Using open Channel [id: 0xfeb39d15, L:/127.0.0.1:52838 - R:localhost/127.0.0.1:30795] for GET '/session/40dd50c09bd17550bf1d6c127a70e91f/alert/text'
15:44:17.717 [AsyncHttpClient-1-2] DEBUG org.asynchttpclient.netty.handler.HttpHandler - 

Request DefaultFullHttpRequest(decodeResult: success, version: HTTP/1.1, content: EmptyByteBufBE)
GET /session/40dd50c09bd17550bf1d6c127a70e91f/alert/text HTTP/1.1
User-Agent: selenium/4.8.1 (java windows)
Cache-Control: no-cache
Content-Type: application/json; charset=utf-8
host: localhost:30795
accept: */*

Response DefaultHttpResponse(decodeResult: success, version: HTTP/1.1)
HTTP/1.1 404 Not Found
Content-Length: 513
Content-Type: application/json; charset=utf-8
cache-control: no-cache

15:44:17.718 [AsyncHttpClient-1-2] DEBUG org.asynchttpclient.netty.channel.ChannelManager - Adding key: http://localhost:30795 for channel [id: 0xfeb39d15, L:/127.0.0.1:52838 - R:localhost/127.0.0.1:30795]
15:44:17.740 [Forwarding getCurrentUrl on session 40dd50c09bd17550bf1d6c127a70e91f to remote] DEBUG org.asynchttpclient.netty.request.NettyRequestSender - Using pooled Channel '[id: 0xfeb39d15, L:/127.0.0.1:52838 - R:localhost/127.0.0.1:30795]' for 'GET' to 'http://localhost:30795/session/40dd50c09bd17550bf1d6c127a70e91f/url'
15:44:17.740 [Forwarding getCurrentUrl on session 40dd50c09bd17550bf1d6c127a70e91f to remote] DEBUG org.asynchttpclient.netty.request.NettyRequestSender - Using open Channel [id: 0xfeb39d15, L:/127.0.0.1:52838 - R:localhost/127.0.0.1:30795] for GET '/session/40dd50c09bd17550bf1d6c127a70e91f/url'
15:44:17.788 [AsyncHttpClient-1-2] DEBUG org.asynchttpclient.netty.handler.HttpHandler - 

Request DefaultFullHttpRequest(decodeResult: success, version: HTTP/1.1, content: EmptyByteBufBE)
GET /session/40dd50c09bd17550bf1d6c127a70e91f/url HTTP/1.1
User-Agent: selenium/4.8.1 (java windows)
Cache-Control: no-cache
Content-Type: application/json; charset=utf-8
host: localhost:30795
accept: */*

Response DefaultHttpResponse(decodeResult: success, version: HTTP/1.1)
HTTP/1.1 200 OK
Content-Length: 41
Content-Type: application/json; charset=utf-8
cache-control: no-cache

15:44:17.789 [AsyncHttpClient-1-2] DEBUG org.asynchttpclient.netty.channel.ChannelManager - Adding key: http://localhost:30795 for channel [id: 0xfeb39d15, L:/127.0.0.1:52838 - R:localhost/127.0.0.1:30795]
15:44:17.796 [Forwarding screenshot on session 40dd50c09bd17550bf1d6c127a70e91f to remote] DEBUG org.asynchttpclient.netty.request.NettyRequestSender - Using pooled Channel '[id: 0xfeb39d15, L:/127.0.0.1:52838 - R:localhost/127.0.0.1:30795]' for 'GET' to 'http://localhost:30795/session/40dd50c09bd17550bf1d6c127a70e91f/screenshot'
15:44:17.796 [Forwarding screenshot on session 40dd50c09bd17550bf1d6c127a70e91f to remote] DEBUG org.asynchttpclient.netty.request.NettyRequestSender - Using open Channel [id: 0xfeb39d15, L:/127.0.0.1:52838 - R:localhost/127.0.0.1:30795] for GET '/session/40dd50c09bd17550bf1d6c127a70e91f/screenshot'
15:44:17.813 [AsyncHttpClient-1-1] DEBUG org.asynchttpclient.netty.channel.DefaultChannelPool - Entry count for : http://localhost:52839 : 1
15:44:17.964 [AsyncHttpClient-1-2] DEBUG org.asynchttpclient.netty.handler.HttpHandler - 

Request DefaultFullHttpRequest(decodeResult: success, version: HTTP/1.1, content: EmptyByteBufBE)
GET /session/40dd50c09bd17550bf1d6c127a70e91f/screenshot HTTP/1.1
User-Agent: selenium/4.8.1 (java windows)
Cache-Control: no-cache
Content-Type: application/json; charset=utf-8
host: localhost:30795
accept: */*

Response DefaultHttpResponse(decodeResult: success, version: HTTP/1.1)
HTTP/1.1 200 OK
Content-Length: 60540
Content-Type: application/json; charset=utf-8
cache-control: no-cache

15:44:17.966 [AsyncHttpClient-1-2] DEBUG org.asynchttpclient.netty.channel.ChannelManager - Adding key: http://localhost:30795 for channel [id: 0xfeb39d15, L:/127.0.0.1:52838 - R:localhost/127.0.0.1:30795]
15:44:18.096 [main] DEBUG net.serenitybdd.core.photography.Darkroom - Send negative for processing for target\site\serenity\3a634d2d097495a1147da683cd9930e882c4b299208ef791d1184b71a5cc4fdb.png
15:44:18.097 [Darkroom Processing Line] DEBUG net.serenitybdd.core.photography.DarkroomProcessingLine - Processing screenshot image in /var/screenshots/screenshot-10139253282020797617
15:44:18.097 [Darkroom Processing Line] DEBUG net.serenitybdd.core.photography.DarkroomProcessingLine - Saving screenshot to target\site\serenity\3a634d2d097495a1147da683cd9930e882c4b299208ef791d1184b71a5cc4fdb.png
15:44:18.106 [Forwarding getPageSource on session 40dd50c09bd17550bf1d6c127a70e91f to remote] DEBUG org.asynchttpclient.netty.request.NettyRequestSender - Using pooled Channel '[id: 0xfeb39d15, L:/127.0.0.1:52838 - R:localhost/127.0.0.1:30795]' for 'POST' to 'http://localhost:30795/session/40dd50c09bd17550bf1d6c127a70e91f/execute/sync'
15:44:18.106 [Forwarding getPageSource on session 40dd50c09bd17550bf1d6c127a70e91f to remote] DEBUG org.asynchttpclient.netty.request.NettyRequestSender - Using open Channel [id: 0xfeb39d15, L:/127.0.0.1:52838 - R:localhost/127.0.0.1:30795] for POST '/session/40dd50c09bd17550bf1d6c127a70e91f/execute/sync'
15:44:18.118 [AsyncHttpClient-1-2] DEBUG org.asynchttpclient.netty.handler.HttpHandler - 

Request DefaultHttpRequest(decodeResult: success, version: HTTP/1.1)
POST /session/40dd50c09bd17550bf1d6c127a70e91f/execute/sync HTTP/1.1
User-Agent: selenium/4.8.1 (java windows)
Content-Length: 176
Content-Type: application/json; charset=utf-8
host: localhost:30795
accept: */*

Response DefaultHttpResponse(decodeResult: success, version: HTTP/1.1)
HTTP/1.1 200 OK
Content-Length: 7557
Content-Type: application/json; charset=utf-8
cache-control: no-cache

15:44:18.119 [AsyncHttpClient-1-2] DEBUG org.asynchttpclient.netty.channel.ChannelManager - Adding key: http://localhost:30795 for channel [id: 0xfeb39d15, L:/127.0.0.1:52838 - R:localhost/127.0.0.1:30795]
15:44:18.263 [Forwarding getCurrentUrl on session 40dd50c09bd17550bf1d6c127a70e91f to remote] DEBUG org.asynchttpclient.netty.request.NettyRequestSender - Using pooled Channel '[id: 0xfeb39d15, L:/127.0.0.1:52838 - R:localhost/127.0.0.1:30795]' for 'GET' to 'http://localhost:30795/session/40dd50c09bd17550bf1d6c127a70e91f/url'
15:44:18.263 [Forwarding getCurrentUrl on session 40dd50c09bd17550bf1d6c127a70e91f to remote] DEBUG org.asynchttpclient.netty.request.NettyRequestSender - Using open Channel [id: 0xfeb39d15, L:/127.0.0.1:52838 - R:localhost/127.0.0.1:30795] for GET '/session/40dd50c09bd17550bf1d6c127a70e91f/url'
15:44:18.272 [AsyncHttpClient-1-2] DEBUG org.asynchttpclient.netty.handler.HttpHandler - 

Request DefaultFullHttpRequest(decodeResult: success, version: HTTP/1.1, content: EmptyByteBufBE)
GET /session/40dd50c09bd17550bf1d6c127a70e91f/url HTTP/1.1
User-Agent: selenium/4.8.1 (java windows)
Cache-Control: no-cache
Content-Type: application/json; charset=utf-8
host: localhost:30795
accept: */*

Response DefaultHttpResponse(decodeResult: success, version: HTTP/1.1)
HTTP/1.1 200 OK
Content-Length: 41
Content-Type: application/json; charset=utf-8
cache-control: no-cache

15:44:18.273 [AsyncHttpClient-1-2] DEBUG org.asynchttpclient.netty.channel.ChannelManager - Adding key: http://localhost:30795 for channel [id: 0xfeb39d15, L:/127.0.0.1:52838 - R:localhost/127.0.0.1:30795]
15:44:18.281 [main] DEBUG net.thucydides.core.steps.StepInterceptor - STARTING STEP: AuthSteps.iAmOnTheLoginPages - validateOnLoginPage
15:44:18.300 [Forwarding findElement on session 40dd50c09bd17550bf1d6c127a70e91f to remote] DEBUG org.asynchttpclient.netty.request.NettyRequestSender - Using pooled Channel '[id: 0xfeb39d15, L:/127.0.0.1:52838 - R:localhost/127.0.0.1:30795]' for 'POST' to 'http://localhost:30795/session/40dd50c09bd17550bf1d6c127a70e91f/element'
15:44:18.300 [Forwarding findElement on session 40dd50c09bd17550bf1d6c127a70e91f to remote] DEBUG org.asynchttpclient.netty.request.NettyRequestSender - Using open Channel [id: 0xfeb39d15, L:/127.0.0.1:52838 - R:localhost/127.0.0.1:30795] for POST '/session/40dd50c09bd17550bf1d6c127a70e91f/element'
15:44:18.354 [AsyncHttpClient-1-2] DEBUG org.asynchttpclient.netty.handler.HttpHandler - 

Request DefaultHttpRequest(decodeResult: success, version: HTTP/1.1)
POST /session/40dd50c09bd17550bf1d6c127a70e91f/element HTTP/1.1
User-Agent: selenium/4.8.1 (java windows)
Content-Length: 88
Content-Type: application/json; charset=utf-8
host: localhost:30795
accept: */*

Response DefaultHttpResponse(decodeResult: success, version: HTTP/1.1)
HTTP/1.1 200 OK
Content-Length: 125
Content-Type: application/json; charset=utf-8
cache-control: no-cache

15:44:18.355 [AsyncHttpClient-1-2] DEBUG org.asynchttpclient.netty.channel.ChannelManager - Adding key: http://localhost:30795 for channel [id: 0xfeb39d15, L:/127.0.0.1:52838 - R:localhost/127.0.0.1:30795]
15:44:18.374 [Forwarding isElementDisplayed on session 40dd50c09bd17550bf1d6c127a70e91f to remote] DEBUG org.asynchttpclient.netty.request.NettyRequestSender - Using pooled Channel '[id: 0xfeb39d15, L:/127.0.0.1:52838 - R:localhost/127.0.0.1:30795]' for 'POST' to 'http://localhost:30795/session/40dd50c09bd17550bf1d6c127a70e91f/execute/sync'
15:44:18.374 [Forwarding isElementDisplayed on session 40dd50c09bd17550bf1d6c127a70e91f to remote] DEBUG org.asynchttpclient.netty.request.NettyRequestSender - Using open Channel [id: 0xfeb39d15, L:/127.0.0.1:52838 - R:localhost/127.0.0.1:30795] for POST '/session/40dd50c09bd17550bf1d6c127a70e91f/execute/sync'
15:44:18.417 [AsyncHttpClient-1-2] DEBUG org.asynchttpclient.netty.handler.HttpHandler - 

Request DefaultHttpRequest(decodeResult: success, version: HTTP/1.1)
POST /session/40dd50c09bd17550bf1d6c127a70e91f/execute/sync HTTP/1.1
User-Agent: selenium/4.8.1 (java windows)
Content-Length: 48844
Content-Type: application/json; charset=utf-8
host: localhost:30795
accept: */*

Response DefaultHttpResponse(decodeResult: success, version: HTTP/1.1)
HTTP/1.1 200 OK
Content-Length: 14
Content-Type: application/json; charset=utf-8
cache-control: no-cache

15:44:18.417 [AsyncHttpClient-1-2] DEBUG org.asynchttpclient.netty.channel.ChannelManager - Adding key: http://localhost:30795 for channel [id: 0xfeb39d15, L:/127.0.0.1:52838 - R:localhost/127.0.0.1:30795]
15:44:18.455 [Forwarding getAlertText on session 40dd50c09bd17550bf1d6c127a70e91f to remote] DEBUG org.asynchttpclient.netty.request.NettyRequestSender - Using pooled Channel '[id: 0xfeb39d15, L:/127.0.0.1:52838 - R:localhost/127.0.0.1:30795]' for 'GET' to 'http://localhost:30795/session/40dd50c09bd17550bf1d6c127a70e91f/alert/text'
15:44:18.457 [Forwarding getAlertText on session 40dd50c09bd17550bf1d6c127a70e91f to remote] DEBUG org.asynchttpclient.netty.request.NettyRequestSender - Using open Channel [id: 0xfeb39d15, L:/127.0.0.1:52838 - R:localhost/127.0.0.1:30795] for GET '/session/40dd50c09bd17550bf1d6c127a70e91f/alert/text'
15:44:18.478 [AsyncHttpClient-1-2] DEBUG org.asynchttpclient.netty.handler.HttpHandler - 

Request DefaultFullHttpRequest(decodeResult: success, version: HTTP/1.1, content: EmptyByteBufBE)
GET /session/40dd50c09bd17550bf1d6c127a70e91f/alert/text HTTP/1.1
User-Agent: selenium/4.8.1 (java windows)
Cache-Control: no-cache
Content-Type: application/json; charset=utf-8
host: localhost:30795
accept: */*

Response DefaultHttpResponse(decodeResult: success, version: HTTP/1.1)
HTTP/1.1 404 Not Found
Content-Length: 513
Content-Type: application/json; charset=utf-8
cache-control: no-cache

15:44:18.479 [AsyncHttpClient-1-2] DEBUG org.asynchttpclient.netty.channel.ChannelManager - Adding key: http://localhost:30795 for channel [id: 0xfeb39d15, L:/127.0.0.1:52838 - R:localhost/127.0.0.1:30795]
15:44:18.482 [Forwarding getCurrentUrl on session 40dd50c09bd17550bf1d6c127a70e91f to remote] DEBUG org.asynchttpclient.netty.request.NettyRequestSender - Using pooled Channel '[id: 0xfeb39d15, L:/127.0.0.1:52838 - R:localhost/127.0.0.1:30795]' for 'GET' to 'http://localhost:30795/session/40dd50c09bd17550bf1d6c127a70e91f/url'
15:44:18.482 [Forwarding getCurrentUrl on session 40dd50c09bd17550bf1d6c127a70e91f to remote] DEBUG org.asynchttpclient.netty.request.NettyRequestSender - Using open Channel [id: 0xfeb39d15, L:/127.0.0.1:52838 - R:localhost/127.0.0.1:30795] for GET '/session/40dd50c09bd17550bf1d6c127a70e91f/url'
15:44:18.495 [AsyncHttpClient-1-2] DEBUG org.asynchttpclient.netty.handler.HttpHandler - 

Request DefaultFullHttpRequest(decodeResult: success, version: HTTP/1.1, content: EmptyByteBufBE)
GET /session/40dd50c09bd17550bf1d6c127a70e91f/url HTTP/1.1
User-Agent: selenium/4.8.1 (java windows)
Cache-Control: no-cache
Content-Type: application/json; charset=utf-8
host: localhost:30795
accept: */*

Response DefaultHttpResponse(decodeResult: success, version: HTTP/1.1)
HTTP/1.1 200 OK
Content-Length: 41
Content-Type: application/json; charset=utf-8
cache-control: no-cache

15:44:18.496 [AsyncHttpClient-1-2] DEBUG org.asynchttpclient.netty.channel.ChannelManager - Adding key: http://localhost:30795 for channel [id: 0xfeb39d15, L:/127.0.0.1:52838 - R:localhost/127.0.0.1:30795]
15:44:18.498 [Forwarding screenshot on session 40dd50c09bd17550bf1d6c127a70e91f to remote] DEBUG org.asynchttpclient.netty.request.NettyRequestSender - Using pooled Channel '[id: 0xfeb39d15, L:/127.0.0.1:52838 - R:localhost/127.0.0.1:30795]' for 'GET' to 'http://localhost:30795/session/40dd50c09bd17550bf1d6c127a70e91f/screenshot'
15:44:18.498 [Forwarding screenshot on session 40dd50c09bd17550bf1d6c127a70e91f to remote] DEBUG org.asynchttpclient.netty.request.NettyRequestSender - Using open Channel [id: 0xfeb39d15, L:/127.0.0.1:52838 - R:localhost/127.0.0.1:30795] for GET '/session/40dd50c09bd17550bf1d6c127a70e91f/screenshot'
15:44:18.631 [AsyncHttpClient-1-2] DEBUG org.asynchttpclient.netty.handler.HttpHandler - 

Request DefaultFullHttpRequest(decodeResult: success, version: HTTP/1.1, content: EmptyByteBufBE)
GET /session/40dd50c09bd17550bf1d6c127a70e91f/screenshot HTTP/1.1
User-Agent: selenium/4.8.1 (java windows)
Cache-Control: no-cache
Content-Type: application/json; charset=utf-8
host: localhost:30795
accept: */*

Response DefaultHttpResponse(decodeResult: success, version: HTTP/1.1)
HTTP/1.1 200 OK
Content-Length: 60504
Content-Type: application/json; charset=utf-8
cache-control: no-cache

15:44:18.637 [AsyncHttpClient-1-2] DEBUG org.asynchttpclient.netty.channel.ChannelManager - Adding key: http://localhost:30795 for channel [id: 0xfeb39d15, L:/127.0.0.1:52838 - R:localhost/127.0.0.1:30795]
15:44:18.644 [main] DEBUG net.serenitybdd.core.photography.Darkroom - Send negative for processing for target\site\serenity\b60d2bf764a5d6679490360c32a5eada05aa872cf16fa6988ff8ea8d0bdd1146.png
15:44:18.645 [Darkroom Processing Line] DEBUG net.serenitybdd.core.photography.DarkroomProcessingLine - Processing screenshot image in /var/screenshots/screenshot-12907452514931404397
15:44:18.645 [Darkroom Processing Line] DEBUG net.serenitybdd.core.photography.DarkroomProcessingLine - Saving screenshot to target\site\serenity\b60d2bf764a5d6679490360c32a5eada05aa872cf16fa6988ff8ea8d0bdd1146.png
15:44:18.648 [main] DEBUG net.thucydides.core.steps.StepInterceptor - STEP DONE: validateOnLoginPage
  &amp#27;[32mGiven &amp#27;[0m&amp#27;[32mI am on the login pages&amp#27;[0m                                          &amp#27;[90m# starter.StepDefinitions.AuthSteps.iAmOnTheLoginPages()&amp#27;[0m
15:44:18.675 [Forwarding getPageSource on session 40dd50c09bd17550bf1d6c127a70e91f to remote] DEBUG org.asynchttpclient.netty.request.NettyRequestSender - Using pooled Channel '[id: 0xfeb39d15, L:/127.0.0.1:52838 - R:localhost/127.0.0.1:30795]' for 'POST' to 'http://localhost:30795/session/40dd50c09bd17550bf1d6c127a70e91f/execute/sync'
15:44:18.676 [Forwarding getPageSource on session 40dd50c09bd17550bf1d6c127a70e91f to remote] DEBUG org.asynchttpclient.netty.request.NettyRequestSender - Using open Channel [id: 0xfeb39d15, L:/127.0.0.1:52838 - R:localhost/127.0.0.1:30795] for POST '/session/40dd50c09bd17550bf1d6c127a70e91f/execute/sync'
15:44:18.684 [AsyncHttpClient-1-2] DEBUG org.asynchttpclient.netty.handler.HttpHandler - 

Request DefaultHttpRequest(decodeResult: success, version: HTTP/1.1)
POST /session/40dd50c09bd17550bf1d6c127a70e91f/execute/sync HTTP/1.1
User-Agent: selenium/4.8.1 (java windows)
Content-Length: 176
Content-Type: application/json; charset=utf-8
host: localhost:30795
accept: */*

Response DefaultHttpResponse(decodeResult: success, version: HTTP/1.1)
HTTP/1.1 200 OK
Content-Length: 7557
Content-Type: application/json; charset=utf-8
cache-control: no-cache

15:44:18.684 [AsyncHttpClient-1-2] DEBUG org.asynchttpclient.netty.channel.ChannelManager - Adding key: http://localhost:30795 for channel [id: 0xfeb39d15, L:/127.0.0.1:52838 - R:localhost/127.0.0.1:30795]
15:44:18.692 [Forwarding getCurrentUrl on session 40dd50c09bd17550bf1d6c127a70e91f to remote] DEBUG org.asynchttpclient.netty.request.NettyRequestSender - Using pooled Channel '[id: 0xfeb39d15, L:/127.0.0.1:52838 - R:localhost/127.0.0.1:30795]' for 'GET' to 'http://localhost:30795/session/40dd50c09bd17550bf1d6c127a70e91f/url'
15:44:18.692 [Forwarding getCurrentUrl on session 40dd50c09bd17550bf1d6c127a70e91f to remote] DEBUG org.asynchttpclient.netty.request.NettyRequestSender - Using open Channel [id: 0xfeb39d15, L:/127.0.0.1:52838 - R:localhost/127.0.0.1:30795] for GET '/session/40dd50c09bd17550bf1d6c127a70e91f/url'
15:44:18.700 [AsyncHttpClient-1-2] DEBUG org.asynchttpclient.netty.handler.HttpHandler - 

Request DefaultFullHttpRequest(decodeResult: success, version: HTTP/1.1, content: EmptyByteBufBE)
GET /session/40dd50c09bd17550bf1d6c127a70e91f/url HTTP/1.1
User-Agent: selenium/4.8.1 (java windows)
Cache-Control: no-cache
Content-Type: application/json; charset=utf-8
host: localhost:30795
accept: */*

Response DefaultHttpResponse(decodeResult: success, version: HTTP/1.1)
HTTP/1.1 200 OK
Content-Length: 41
Content-Type: application/json; charset=utf-8
cache-control: no-cache

15:44:18.701 [AsyncHttpClient-1-2] DEBUG org.asynchttpclient.netty.channel.ChannelManager - Adding key: http://localhost:30795 for channel [id: 0xfeb39d15, L:/127.0.0.1:52838 - R:localhost/127.0.0.1:30795]
15:44:18.720 [Forwarding getAlertText on session 40dd50c09bd17550bf1d6c127a70e91f to remote] DEBUG org.asynchttpclient.netty.request.NettyRequestSender - Using pooled Channel '[id: 0xfeb39d15, L:/127.0.0.1:52838 - R:localhost/127.0.0.1:30795]' for 'GET' to 'http://localhost:30795/session/40dd50c09bd17550bf1d6c127a70e91f/alert/text'
15:44:18.720 [Forwarding getAlertText on session 40dd50c09bd17550bf1d6c127a70e91f to remote] DEBUG org.asynchttpclient.netty.request.NettyRequestSender - Using open Channel [id: 0xfeb39d15, L:/127.0.0.1:52838 - R:localhost/127.0.0.1:30795] for GET '/session/40dd50c09bd17550bf1d6c127a70e91f/alert/text'
15:44:18.728 [AsyncHttpClient-1-2] DEBUG org.asynchttpclient.netty.handler.HttpHandler - 

Request DefaultFullHttpRequest(decodeResult: success, version: HTTP/1.1, content: EmptyByteBufBE)
GET /session/40dd50c09bd17550bf1d6c127a70e91f/alert/text HTTP/1.1
User-Agent: selenium/4.8.1 (java windows)
Cache-Control: no-cache
Content-Type: application/json; charset=utf-8
host: localhost:30795
accept: */*

Response DefaultHttpResponse(decodeResult: success, version: HTTP/1.1)
HTTP/1.1 404 Not Found
Content-Length: 513
Content-Type: application/json; charset=utf-8
cache-control: no-cache

15:44:18.728 [AsyncHttpClient-1-2] DEBUG org.asynchttpclient.netty.channel.ChannelManager - Adding key: http://localhost:30795 for channel [id: 0xfeb39d15, L:/127.0.0.1:52838 - R:localhost/127.0.0.1:30795]
15:44:18.733 [Forwarding getCurrentUrl on session 40dd50c09bd17550bf1d6c127a70e91f to remote] DEBUG org.asynchttpclient.netty.request.NettyRequestSender - Using pooled Channel '[id: 0xfeb39d15, L:/127.0.0.1:52838 - R:localhost/127.0.0.1:30795]' for 'GET' to 'http://localhost:30795/session/40dd50c09bd17550bf1d6c127a70e91f/url'
15:44:18.733 [Forwarding getCurrentUrl on session 40dd50c09bd17550bf1d6c127a70e91f to remote] DEBUG org.asynchttpclient.netty.request.NettyRequestSender - Using open Channel [id: 0xfeb39d15, L:/127.0.0.1:52838 - R:localhost/127.0.0.1:30795] for GET '/session/40dd50c09bd17550bf1d6c127a70e91f/url'
15:44:18.742 [AsyncHttpClient-1-2] DEBUG org.asynchttpclient.netty.handler.HttpHandler - 

Request DefaultFullHttpRequest(decodeResult: success, version: HTTP/1.1, content: EmptyByteBufBE)
GET /session/40dd50c09bd17550bf1d6c127a70e91f/url HTTP/1.1
User-Agent: selenium/4.8.1 (java windows)
Cache-Control: no-cache
Content-Type: application/json; charset=utf-8
host: localhost:30795
accept: */*

Response DefaultHttpResponse(decodeResult: success, version: HTTP/1.1)
HTTP/1.1 200 OK
Content-Length: 41
Content-Type: application/json; charset=utf-8
cache-control: no-cache

15:44:18.742 [AsyncHttpClient-1-2] DEBUG org.asynchttpclient.netty.channel.ChannelManager - Adding key: http://localhost:30795 for channel [id: 0xfeb39d15, L:/127.0.0.1:52838 - R:localhost/127.0.0.1:30795]
15:44:18.744 [Forwarding screenshot on session 40dd50c09bd17550bf1d6c127a70e91f to remote] DEBUG org.asynchttpclient.netty.request.NettyRequestSender - Using pooled Channel '[id: 0xfeb39d15, L:/127.0.0.1:52838 - R:localhost/127.0.0.1:30795]' for 'GET' to 'http://localhost:30795/session/40dd50c09bd17550bf1d6c127a70e91f/screenshot'
15:44:18.745 [Forwarding screenshot on session 40dd50c09bd17550bf1d6c127a70e91f to remote] DEBUG org.asynchttpclient.netty.request.NettyRequestSender - Using open Channel [id: 0xfeb39d15, L:/127.0.0.1:52838 - R:localhost/127.0.0.1:30795] for GET '/session/40dd50c09bd17550bf1d6c127a70e91f/screenshot'
15:44:18.897 [AsyncHttpClient-1-2] DEBUG org.asynchttpclient.netty.handler.HttpHandler - 

Request DefaultFullHttpRequest(decodeResult: success, version: HTTP/1.1, content: EmptyByteBufBE)
GET /session/40dd50c09bd17550bf1d6c127a70e91f/screenshot HTTP/1.1
User-Agent: selenium/4.8.1 (java windows)
Cache-Control: no-cache
Content-Type: application/json; charset=utf-8
host: localhost:30795
accept: */*

Response DefaultHttpResponse(decodeResult: success, version: HTTP/1.1)
HTTP/1.1 200 OK
Content-Length: 60540
Content-Type: application/json; charset=utf-8
cache-control: no-cache

15:44:18.898 [AsyncHttpClient-1-2] DEBUG org.asynchttpclient.netty.channel.ChannelManager - Adding key: http://localhost:30795 for channel [id: 0xfeb39d15, L:/127.0.0.1:52838 - R:localhost/127.0.0.1:30795]
15:44:18.904 [main] DEBUG net.serenitybdd.core.photography.Darkroom - Send negative for processing for target\site\serenity\3a634d2d097495a1147da683cd9930e882c4b299208ef791d1184b71a5cc4fdb.png
15:44:18.908 [Forwarding getPageSource on session 40dd50c09bd17550bf1d6c127a70e91f to remote] DEBUG org.asynchttpclient.netty.request.NettyRequestSender - Using pooled Channel '[id: 0xfeb39d15, L:/127.0.0.1:52838 - R:localhost/127.0.0.1:30795]' for 'POST' to 'http://localhost:30795/session/40dd50c09bd17550bf1d6c127a70e91f/execute/sync'
15:44:18.908 [Forwarding getPageSource on session 40dd50c09bd17550bf1d6c127a70e91f to remote] DEBUG org.asynchttpclient.netty.request.NettyRequestSender - Using open Channel [id: 0xfeb39d15, L:/127.0.0.1:52838 - R:localhost/127.0.0.1:30795] for POST '/session/40dd50c09bd17550bf1d6c127a70e91f/execute/sync'
15:44:18.908 [AsyncHttpClient-1-1] DEBUG org.asynchttpclient.netty.channel.DefaultChannelPool - Entry count for : http://localhost:52839 : 1
15:44:18.925 [AsyncHttpClient-1-2] DEBUG org.asynchttpclient.netty.handler.HttpHandler - 

Request DefaultHttpRequest(decodeResult: success, version: HTTP/1.1)
POST /session/40dd50c09bd17550bf1d6c127a70e91f/execute/sync HTTP/1.1
User-Agent: selenium/4.8.1 (java windows)
Content-Length: 176
Content-Type: application/json; charset=utf-8
host: localhost:30795
accept: */*

Response DefaultHttpResponse(decodeResult: success, version: HTTP/1.1)
HTTP/1.1 200 OK
Content-Length: 7557
Content-Type: application/json; charset=utf-8
cache-control: no-cache

15:44:18.926 [AsyncHttpClient-1-2] DEBUG org.asynchttpclient.netty.channel.ChannelManager - Adding key: http://localhost:30795 for channel [id: 0xfeb39d15, L:/127.0.0.1:52838 - R:localhost/127.0.0.1:30795]
15:44:18.932 [Forwarding getCurrentUrl on session 40dd50c09bd17550bf1d6c127a70e91f to remote] DEBUG org.asynchttpclient.netty.request.NettyRequestSender - Using pooled Channel '[id: 0xfeb39d15, L:/127.0.0.1:52838 - R:localhost/127.0.0.1:30795]' for 'GET' to 'http://localhost:30795/session/40dd50c09bd17550bf1d6c127a70e91f/url'
15:44:18.933 [Forwarding getCurrentUrl on session 40dd50c09bd17550bf1d6c127a70e91f to remote] DEBUG org.asynchttpclient.netty.request.NettyRequestSender - Using open Channel [id: 0xfeb39d15, L:/127.0.0.1:52838 - R:localhost/127.0.0.1:30795] for GET '/session/40dd50c09bd17550bf1d6c127a70e91f/url'
15:44:18.942 [AsyncHttpClient-1-2] DEBUG org.asynchttpclient.netty.handler.HttpHandler - 

Request DefaultFullHttpRequest(decodeResult: success, version: HTTP/1.1, content: EmptyByteBufBE)
GET /session/40dd50c09bd17550bf1d6c127a70e91f/url HTTP/1.1
User-Agent: selenium/4.8.1 (java windows)
Cache-Control: no-cache
Content-Type: application/json; charset=utf-8
host: localhost:30795
accept: */*

Response DefaultHttpResponse(decodeResult: success, version: HTTP/1.1)
HTTP/1.1 200 OK
Content-Length: 41
Content-Type: application/json; charset=utf-8
cache-control: no-cache

15:44:18.943 [AsyncHttpClient-1-2] DEBUG org.asynchttpclient.netty.channel.ChannelManager - Adding key: http://localhost:30795 for channel [id: 0xfeb39d15, L:/127.0.0.1:52838 - R:localhost/127.0.0.1:30795]
15:44:18.946 [main] DEBUG net.thucydides.core.steps.StepInterceptor - STARTING STEP: AuthSteps.iEnterEmail - inputEmail
15:44:18.952 [Forwarding findElement on session 40dd50c09bd17550bf1d6c127a70e91f to remote] DEBUG org.asynchttpclient.netty.request.NettyRequestSender - Using pooled Channel '[id: 0xfeb39d15, L:/127.0.0.1:52838 - R:localhost/127.0.0.1:30795]' for 'POST' to 'http://localhost:30795/session/40dd50c09bd17550bf1d6c127a70e91f/element'
15:44:18.953 [Forwarding findElement on session 40dd50c09bd17550bf1d6c127a70e91f to remote] DEBUG org.asynchttpclient.netty.request.NettyRequestSender - Using open Channel [id: 0xfeb39d15, L:/127.0.0.1:52838 - R:localhost/127.0.0.1:30795] for POST '/session/40dd50c09bd17550bf1d6c127a70e91f/element'
15:44:18.980 [AsyncHttpClient-1-2] DEBUG org.asynchttpclient.netty.handler.HttpHandler - 

Request DefaultHttpRequest(decodeResult: success, version: HTTP/1.1)
POST /session/40dd50c09bd17550bf1d6c127a70e91f/element HTTP/1.1
User-Agent: selenium/4.8.1 (java windows)
Content-Length: 69
Content-Type: application/json; charset=utf-8
host: localhost:30795
accept: */*

Response DefaultHttpResponse(decodeResult: success, version: HTTP/1.1)
HTTP/1.1 200 OK
Content-Length: 125
Content-Type: application/json; charset=utf-8
cache-control: no-cache

15:44:18.981 [AsyncHttpClient-1-2] DEBUG org.asynchttpclient.netty.channel.ChannelManager - Adding key: http://localhost:30795 for channel [id: 0xfeb39d15, L:/127.0.0.1:52838 - R:localhost/127.0.0.1:30795]
15:44:18.985 [Forwarding clearElement on session 40dd50c09bd17550bf1d6c127a70e91f to remote] DEBUG org.asynchttpclient.netty.request.NettyRequestSender - Using pooled Channel '[id: 0xfeb39d15, L:/127.0.0.1:52838 - R:localhost/127.0.0.1:30795]' for 'POST' to 'http://localhost:30795/session/40dd50c09bd17550bf1d6c127a70e91f/element/f.21527BF0E2DA551384A88EF364E60F33.d.43746E8B1BA8DFA922ECF1532F320521.e.1/clear'
15:44:18.985 [Forwarding clearElement on session 40dd50c09bd17550bf1d6c127a70e91f to remote] DEBUG org.asynchttpclient.netty.request.NettyRequestSender - Using open Channel [id: 0xfeb39d15, L:/127.0.0.1:52838 - R:localhost/127.0.0.1:30795] for POST '/session/40dd50c09bd17550bf1d6c127a70e91f/element/f.21527BF0E2DA551384A88EF364E60F33.d.43746E8B1BA8DFA922ECF1532F320521.e.1/clear'
15:44:19.049 [AsyncHttpClient-1-2] DEBUG org.asynchttpclient.netty.handler.HttpHandler - 

Request DefaultHttpRequest(decodeResult: success, version: HTTP/1.1)
POST /session/40dd50c09bd17550bf1d6c127a70e91f/element/f.21527BF0E2DA551384A88EF364E60F33.d.43746E8B1BA8DFA922ECF1532F320521.e.1/clear HTTP/1.1
User-Agent: selenium/4.8.1 (java windows)
Content-Length: 87
Content-Type: application/json; charset=utf-8
host: localhost:30795
accept: */*

Response DefaultHttpResponse(decodeResult: success, version: HTTP/1.1)
HTTP/1.1 200 OK
Content-Length: 14
Content-Type: application/json; charset=utf-8
cache-control: no-cache

15:44:19.050 [AsyncHttpClient-1-2] DEBUG org.asynchttpclient.netty.channel.ChannelManager - Adding key: http://localhost:30795 for channel [id: 0xfeb39d15, L:/127.0.0.1:52838 - R:localhost/127.0.0.1:30795]
15:44:19.062 [Forwarding sendKeysToElement on session 40dd50c09bd17550bf1d6c127a70e91f to remote] DEBUG org.asynchttpclient.netty.request.NettyRequestSender - Using pooled Channel '[id: 0xfeb39d15, L:/127.0.0.1:52838 - R:localhost/127.0.0.1:30795]' for 'POST' to 'http://localhost:30795/session/40dd50c09bd17550bf1d6c127a70e91f/element/f.21527BF0E2DA551384A88EF364E60F33.d.43746E8B1BA8DFA922ECF1532F320521.e.1/value'
15:44:19.062 [Forwarding sendKeysToElement on session 40dd50c09bd17550bf1d6c127a70e91f to remote] DEBUG org.asynchttpclient.netty.request.NettyRequestSender - Using open Channel [id: 0xfeb39d15, L:/127.0.0.1:52838 - R:localhost/127.0.0.1:30795] for POST '/session/40dd50c09bd17550bf1d6c127a70e91f/element/f.21527BF0E2DA551384A88EF364E60F33.d.43746E8B1BA8DFA922ECF1532F320521.e.1/value'
15:44:19.252 [AsyncHttpClient-1-2] DEBUG org.asynchttpclient.netty.handler.HttpHandler - 

Request DefaultHttpRequest(decodeResult: success, version: HTTP/1.1)
POST /session/40dd50c09bd17550bf1d6c127a70e91f/element/f.21527BF0E2DA551384A88EF364E60F33.d.43746E8B1BA8DFA922ECF1532F320521.e.1/value HTTP/1.1
User-Agent: selenium/4.8.1 (java windows)
Content-Length: 428
Content-Type: application/json; charset=utf-8
host: localhost:30795
accept: */*

Response DefaultHttpResponse(decodeResult: success, version: HTTP/1.1)
HTTP/1.1 200 OK
Content-Length: 14
Content-Type: application/json; charset=utf-8
cache-control: no-cache

15:44:19.253 [AsyncHttpClient-1-2] DEBUG org.asynchttpclient.netty.channel.ChannelManager - Adding key: http://localhost:30795 for channel [id: 0xfeb39d15, L:/127.0.0.1:52838 - R:localhost/127.0.0.1:30795]
15:44:19.283 [Forwarding getAlertText on session 40dd50c09bd17550bf1d6c127a70e91f to remote] DEBUG org.asynchttpclient.netty.request.NettyRequestSender - Using pooled Channel '[id: 0xfeb39d15, L:/127.0.0.1:52838 - R:localhost/127.0.0.1:30795]' for 'GET' to 'http://localhost:30795/session/40dd50c09bd17550bf1d6c127a70e91f/alert/text'
15:44:19.283 [Forwarding getAlertText on session 40dd50c09bd17550bf1d6c127a70e91f to remote] DEBUG org.asynchttpclient.netty.request.NettyRequestSender - Using open Channel [id: 0xfeb39d15, L:/127.0.0.1:52838 - R:localhost/127.0.0.1:30795] for GET '/session/40dd50c09bd17550bf1d6c127a70e91f/alert/text'
15:44:19.287 [AsyncHttpClient-1-2] DEBUG org.asynchttpclient.netty.handler.HttpHandler - 

Request DefaultFullHttpRequest(decodeResult: success, version: HTTP/1.1, content: EmptyByteBufBE)
GET /session/40dd50c09bd17550bf1d6c127a70e91f/alert/text HTTP/1.1
User-Agent: selenium/4.8.1 (java windows)
Cache-Control: no-cache
Content-Type: application/json; charset=utf-8
host: localhost:30795
accept: */*

Response DefaultHttpResponse(decodeResult: success, version: HTTP/1.1)
HTTP/1.1 404 Not Found
Content-Length: 513
Content-Type: application/json; charset=utf-8
cache-control: no-cache

15:44:19.288 [AsyncHttpClient-1-2] DEBUG org.asynchttpclient.netty.channel.ChannelManager - Adding key: http://localhost:30795 for channel [id: 0xfeb39d15, L:/127.0.0.1:52838 - R:localhost/127.0.0.1:30795]
15:44:19.291 [Forwarding getCurrentUrl on session 40dd50c09bd17550bf1d6c127a70e91f to remote] DEBUG org.asynchttpclient.netty.request.NettyRequestSender - Using pooled Channel '[id: 0xfeb39d15, L:/127.0.0.1:52838 - R:localhost/127.0.0.1:30795]' for 'GET' to 'http://localhost:30795/session/40dd50c09bd17550bf1d6c127a70e91f/url'
15:44:19.291 [Forwarding getCurrentUrl on session 40dd50c09bd17550bf1d6c127a70e91f to remote] DEBUG org.asynchttpclient.netty.request.NettyRequestSender - Using open Channel [id: 0xfeb39d15, L:/127.0.0.1:52838 - R:localhost/127.0.0.1:30795] for GET '/session/40dd50c09bd17550bf1d6c127a70e91f/url'
15:44:19.299 [AsyncHttpClient-1-2] DEBUG org.asynchttpclient.netty.handler.HttpHandler - 

Request DefaultFullHttpRequest(decodeResult: success, version: HTTP/1.1, content: EmptyByteBufBE)
GET /session/40dd50c09bd17550bf1d6c127a70e91f/url HTTP/1.1
User-Agent: selenium/4.8.1 (java windows)
Cache-Control: no-cache
Content-Type: application/json; charset=utf-8
host: localhost:30795
accept: */*

Response DefaultHttpResponse(decodeResult: success, version: HTTP/1.1)
HTTP/1.1 200 OK
Content-Length: 41
Content-Type: application/json; charset=utf-8
cache-control: no-cache

15:44:19.300 [AsyncHttpClient-1-2] DEBUG org.asynchttpclient.netty.channel.ChannelManager - Adding key: http://localhost:30795 for channel [id: 0xfeb39d15, L:/127.0.0.1:52838 - R:localhost/127.0.0.1:30795]
15:44:19.302 [Forwarding screenshot on session 40dd50c09bd17550bf1d6c127a70e91f to remote] DEBUG org.asynchttpclient.netty.request.NettyRequestSender - Using pooled Channel '[id: 0xfeb39d15, L:/127.0.0.1:52838 - R:localhost/127.0.0.1:30795]' for 'GET' to 'http://localhost:30795/session/40dd50c09bd17550bf1d6c127a70e91f/screenshot'
15:44:19.302 [Forwarding screenshot on session 40dd50c09bd17550bf1d6c127a70e91f to remote] DEBUG org.asynchttpclient.netty.request.NettyRequestSender - Using open Channel [id: 0xfeb39d15, L:/127.0.0.1:52838 - R:localhost/127.0.0.1:30795] for GET '/session/40dd50c09bd17550bf1d6c127a70e91f/screenshot'
15:44:19.437 [AsyncHttpClient-1-2] DEBUG org.asynchttpclient.netty.handler.HttpHandler - 

Request DefaultFullHttpRequest(decodeResult: success, version: HTTP/1.1, content: EmptyByteBufBE)
GET /session/40dd50c09bd17550bf1d6c127a70e91f/screenshot HTTP/1.1
User-Agent: selenium/4.8.1 (java windows)
Cache-Control: no-cache
Content-Type: application/json; charset=utf-8
host: localhost:30795
accept: */*

Response DefaultHttpResponse(decodeResult: success, version: HTTP/1.1)
HTTP/1.1 200 OK
Content-Length: 65808
Content-Type: application/json; charset=utf-8
cache-control: no-cache

15:44:19.439 [AsyncHttpClient-1-2] DEBUG org.asynchttpclient.netty.channel.ChannelManager - Adding key: http://localhost:30795 for channel [id: 0xfeb39d15, L:/127.0.0.1:52838 - R:localhost/127.0.0.1:30795]
15:44:19.444 [main] DEBUG net.serenitybdd.core.photography.Darkroom - Send negative for processing for target\site\serenity\344bca32c0bab5ad1a9a22f54a5a59d1bdf62ba95e6027ab037433b87298f021.png
15:44:19.445 [main] DEBUG net.thucydides.core.steps.StepInterceptor - STEP DONE: inputEmail
15:44:19.445 [Darkroom Processing Line] DEBUG net.serenitybdd.core.photography.DarkroomProcessingLine - Processing screenshot image in /var/screenshots/screenshot-3180887414236423642
15:44:19.445 [Darkroom Processing Line] DEBUG net.serenitybdd.core.photography.DarkroomProcessingLine - Saving screenshot to target\site\serenity\344bca32c0bab5ad1a9a22f54a5a59d1bdf62ba95e6027ab037433b87298f021.png
  &amp#27;[32mWhen &amp#27;[0m&amp#27;[32mI enter Email &amp#27;[0m&amp#27;[32m&amp#27;[1m"riska.dnuraini@solusimakmur.com"&amp#27;[0m                   &amp#27;[90m# starter.StepDefinitions.AuthSteps.iEnterEmail(java.lang.String)&amp#27;[0m
15:44:19.461 [Forwarding getPageSource on session 40dd50c09bd17550bf1d6c127a70e91f to remote] DEBUG org.asynchttpclient.netty.request.NettyRequestSender - Using pooled Channel '[id: 0xfeb39d15, L:/127.0.0.1:52838 - R:localhost/127.0.0.1:30795]' for 'POST' to 'http://localhost:30795/session/40dd50c09bd17550bf1d6c127a70e91f/execute/sync'
15:44:19.461 [Forwarding getPageSource on session 40dd50c09bd17550bf1d6c127a70e91f to remote] DEBUG org.asynchttpclient.netty.request.NettyRequestSender - Using open Channel [id: 0xfeb39d15, L:/127.0.0.1:52838 - R:localhost/127.0.0.1:30795] for POST '/session/40dd50c09bd17550bf1d6c127a70e91f/execute/sync'
15:44:19.470 [AsyncHttpClient-1-2] DEBUG org.asynchttpclient.netty.handler.HttpHandler - 

Request DefaultHttpRequest(decodeResult: success, version: HTTP/1.1)
POST /session/40dd50c09bd17550bf1d6c127a70e91f/execute/sync HTTP/1.1
User-Agent: selenium/4.8.1 (java windows)
Content-Length: 176
Content-Type: application/json; charset=utf-8
host: localhost:30795
accept: */*

Response DefaultHttpResponse(decodeResult: success, version: HTTP/1.1)
HTTP/1.1 200 OK
Content-Length: 7557
Content-Type: application/json; charset=utf-8
cache-control: no-cache

15:44:19.470 [AsyncHttpClient-1-2] DEBUG org.asynchttpclient.netty.channel.ChannelManager - Adding key: http://localhost:30795 for channel [id: 0xfeb39d15, L:/127.0.0.1:52838 - R:localhost/127.0.0.1:30795]
15:44:19.477 [Forwarding getCurrentUrl on session 40dd50c09bd17550bf1d6c127a70e91f to remote] DEBUG org.asynchttpclient.netty.request.NettyRequestSender - Using pooled Channel '[id: 0xfeb39d15, L:/127.0.0.1:52838 - R:localhost/127.0.0.1:30795]' for 'GET' to 'http://localhost:30795/session/40dd50c09bd17550bf1d6c127a70e91f/url'
15:44:19.477 [Forwarding getCurrentUrl on session 40dd50c09bd17550bf1d6c127a70e91f to remote] DEBUG org.asynchttpclient.netty.request.NettyRequestSender - Using open Channel [id: 0xfeb39d15, L:/127.0.0.1:52838 - R:localhost/127.0.0.1:30795] for GET '/session/40dd50c09bd17550bf1d6c127a70e91f/url'
15:44:19.485 [AsyncHttpClient-1-2] DEBUG org.asynchttpclient.netty.handler.HttpHandler - 

Request DefaultFullHttpRequest(decodeResult: success, version: HTTP/1.1, content: EmptyByteBufBE)
GET /session/40dd50c09bd17550bf1d6c127a70e91f/url HTTP/1.1
User-Agent: selenium/4.8.1 (java windows)
Cache-Control: no-cache
Content-Type: application/json; charset=utf-8
host: localhost:30795
accept: */*

Response DefaultHttpResponse(decodeResult: success, version: HTTP/1.1)
HTTP/1.1 200 OK
Content-Length: 41
Content-Type: application/json; charset=utf-8
cache-control: no-cache

15:44:19.485 [AsyncHttpClient-1-2] DEBUG org.asynchttpclient.netty.channel.ChannelManager - Adding key: http://localhost:30795 for channel [id: 0xfeb39d15, L:/127.0.0.1:52838 - R:localhost/127.0.0.1:30795]
15:44:19.503 [Forwarding getAlertText on session 40dd50c09bd17550bf1d6c127a70e91f to remote] DEBUG org.asynchttpclient.netty.request.NettyRequestSender - Using pooled Channel '[id: 0xfeb39d15, L:/127.0.0.1:52838 - R:localhost/127.0.0.1:30795]' for 'GET' to 'http://localhost:30795/session/40dd50c09bd17550bf1d6c127a70e91f/alert/text'
15:44:19.503 [Forwarding getAlertText on session 40dd50c09bd17550bf1d6c127a70e91f to remote] DEBUG org.asynchttpclient.netty.request.NettyRequestSender - Using open Channel [id: 0xfeb39d15, L:/127.0.0.1:52838 - R:localhost/127.0.0.1:30795] for GET '/session/40dd50c09bd17550bf1d6c127a70e91f/alert/text'
15:44:19.506 [AsyncHttpClient-1-2] DEBUG org.asynchttpclient.netty.handler.HttpHandler - 

Request DefaultFullHttpRequest(decodeResult: success, version: HTTP/1.1, content: EmptyByteBufBE)
GET /session/40dd50c09bd17550bf1d6c127a70e91f/alert/text HTTP/1.1
User-Agent: selenium/4.8.1 (java windows)
Cache-Control: no-cache
Content-Type: application/json; charset=utf-8
host: localhost:30795
accept: */*

Response DefaultHttpResponse(decodeResult: success, version: HTTP/1.1)
HTTP/1.1 404 Not Found
Content-Length: 513
Content-Type: application/json; charset=utf-8
cache-control: no-cache

15:44:19.506 [AsyncHttpClient-1-2] DEBUG org.asynchttpclient.netty.channel.ChannelManager - Adding key: http://localhost:30795 for channel [id: 0xfeb39d15, L:/127.0.0.1:52838 - R:localhost/127.0.0.1:30795]
15:44:19.511 [Forwarding getCurrentUrl on session 40dd50c09bd17550bf1d6c127a70e91f to remote] DEBUG org.asynchttpclient.netty.request.NettyRequestSender - Using pooled Channel '[id: 0xfeb39d15, L:/127.0.0.1:52838 - R:localhost/127.0.0.1:30795]' for 'GET' to 'http://localhost:30795/session/40dd50c09bd17550bf1d6c127a70e91f/url'
15:44:19.511 [Forwarding getCurrentUrl on session 40dd50c09bd17550bf1d6c127a70e91f to remote] DEBUG org.asynchttpclient.netty.request.NettyRequestSender - Using open Channel [id: 0xfeb39d15, L:/127.0.0.1:52838 - R:localhost/127.0.0.1:30795] for GET '/session/40dd50c09bd17550bf1d6c127a70e91f/url'
15:44:19.520 [AsyncHttpClient-1-2] DEBUG org.asynchttpclient.netty.handler.HttpHandler - 

Request DefaultFullHttpRequest(decodeResult: success, version: HTTP/1.1, content: EmptyByteBufBE)
GET /session/40dd50c09bd17550bf1d6c127a70e91f/url HTTP/1.1
User-Agent: selenium/4.8.1 (java windows)
Cache-Control: no-cache
Content-Type: application/json; charset=utf-8
host: localhost:30795
accept: */*

Response DefaultHttpResponse(decodeResult: success, version: HTTP/1.1)
HTTP/1.1 200 OK
Content-Length: 41
Content-Type: application/json; charset=utf-8
cache-control: no-cache

15:44:19.521 [AsyncHttpClient-1-2] DEBUG org.asynchttpclient.netty.channel.ChannelManager - Adding key: http://localhost:30795 for channel [id: 0xfeb39d15, L:/127.0.0.1:52838 - R:localhost/127.0.0.1:30795]
15:44:19.523 [Forwarding screenshot on session 40dd50c09bd17550bf1d6c127a70e91f to remote] DEBUG org.asynchttpclient.netty.request.NettyRequestSender - Using pooled Channel '[id: 0xfeb39d15, L:/127.0.0.1:52838 - R:localhost/127.0.0.1:30795]' for 'GET' to 'http://localhost:30795/session/40dd50c09bd17550bf1d6c127a70e91f/screenshot'
15:44:19.523 [Forwarding screenshot on session 40dd50c09bd17550bf1d6c127a70e91f to remote] DEBUG org.asynchttpclient.netty.request.NettyRequestSender - Using open Channel [id: 0xfeb39d15, L:/127.0.0.1:52838 - R:localhost/127.0.0.1:30795] for GET '/session/40dd50c09bd17550bf1d6c127a70e91f/screenshot'
15:44:19.645 [AsyncHttpClient-1-2] DEBUG org.asynchttpclient.netty.handler.HttpHandler - 

Request DefaultFullHttpRequest(decodeResult: success, version: HTTP/1.1, content: EmptyByteBufBE)
GET /session/40dd50c09bd17550bf1d6c127a70e91f/screenshot HTTP/1.1
User-Agent: selenium/4.8.1 (java windows)
Cache-Control: no-cache
Content-Type: application/json; charset=utf-8
host: localhost:30795
accept: */*

Response DefaultHttpResponse(decodeResult: success, version: HTTP/1.1)
HTTP/1.1 200 OK
Content-Length: 65808
Content-Type: application/json; charset=utf-8
cache-control: no-cache

15:44:19.646 [AsyncHttpClient-1-2] DEBUG org.asynchttpclient.netty.channel.ChannelManager - Adding key: http://localhost:30795 for channel [id: 0xfeb39d15, L:/127.0.0.1:52838 - R:localhost/127.0.0.1:30795]
15:44:19.649 [main] DEBUG net.serenitybdd.core.photography.Darkroom - Send negative for processing for target\site\serenity\344bca32c0bab5ad1a9a22f54a5a59d1bdf62ba95e6027ab037433b87298f021.png
15:44:19.652 [Forwarding getPageSource on session 40dd50c09bd17550bf1d6c127a70e91f to remote] DEBUG org.asynchttpclient.netty.request.NettyRequestSender - Using pooled Channel '[id: 0xfeb39d15, L:/127.0.0.1:52838 - R:localhost/127.0.0.1:30795]' for 'POST' to 'http://localhost:30795/session/40dd50c09bd17550bf1d6c127a70e91f/execute/sync'
15:44:19.652 [Forwarding getPageSource on session 40dd50c09bd17550bf1d6c127a70e91f to remote] DEBUG org.asynchttpclient.netty.request.NettyRequestSender - Using open Channel [id: 0xfeb39d15, L:/127.0.0.1:52838 - R:localhost/127.0.0.1:30795] for POST '/session/40dd50c09bd17550bf1d6c127a70e91f/execute/sync'
15:44:19.662 [AsyncHttpClient-1-2] DEBUG org.asynchttpclient.netty.handler.HttpHandler - 

Request DefaultHttpRequest(decodeResult: success, version: HTTP/1.1)
POST /session/40dd50c09bd17550bf1d6c127a70e91f/execute/sync HTTP/1.1
User-Agent: selenium/4.8.1 (java windows)
Content-Length: 176
Content-Type: application/json; charset=utf-8
host: localhost:30795
accept: */*

Response DefaultHttpResponse(decodeResult: success, version: HTTP/1.1)
HTTP/1.1 200 OK
Content-Length: 7557
Content-Type: application/json; charset=utf-8
cache-control: no-cache

15:44:19.662 [AsyncHttpClient-1-2] DEBUG org.asynchttpclient.netty.channel.ChannelManager - Adding key: http://localhost:30795 for channel [id: 0xfeb39d15, L:/127.0.0.1:52838 - R:localhost/127.0.0.1:30795]
15:44:19.671 [Forwarding getCurrentUrl on session 40dd50c09bd17550bf1d6c127a70e91f to remote] DEBUG org.asynchttpclient.netty.request.NettyRequestSender - Using pooled Channel '[id: 0xfeb39d15, L:/127.0.0.1:52838 - R:localhost/127.0.0.1:30795]' for 'GET' to 'http://localhost:30795/session/40dd50c09bd17550bf1d6c127a70e91f/url'
15:44:19.671 [Forwarding getCurrentUrl on session 40dd50c09bd17550bf1d6c127a70e91f to remote] DEBUG org.asynchttpclient.netty.request.NettyRequestSender - Using open Channel [id: 0xfeb39d15, L:/127.0.0.1:52838 - R:localhost/127.0.0.1:30795] for GET '/session/40dd50c09bd17550bf1d6c127a70e91f/url'
15:44:19.679 [AsyncHttpClient-1-2] DEBUG org.asynchttpclient.netty.handler.HttpHandler - 

Request DefaultFullHttpRequest(decodeResult: success, version: HTTP/1.1, content: EmptyByteBufBE)
GET /session/40dd50c09bd17550bf1d6c127a70e91f/url HTTP/1.1
User-Agent: selenium/4.8.1 (java windows)
Cache-Control: no-cache
Content-Type: application/json; charset=utf-8
host: localhost:30795
accept: */*

Response DefaultHttpResponse(decodeResult: success, version: HTTP/1.1)
HTTP/1.1 200 OK
Content-Length: 41
Content-Type: application/json; charset=utf-8
cache-control: no-cache

15:44:19.680 [AsyncHttpClient-1-2] DEBUG org.asynchttpclient.netty.channel.ChannelManager - Adding key: http://localhost:30795 for channel [id: 0xfeb39d15, L:/127.0.0.1:52838 - R:localhost/127.0.0.1:30795]
15:44:19.700 [main] DEBUG net.thucydides.core.steps.StepInterceptor - STARTING STEP: AuthSteps.iEnterPassword - inputPassword
15:44:19.717 [Forwarding findElement on session 40dd50c09bd17550bf1d6c127a70e91f to remote] DEBUG org.asynchttpclient.netty.request.NettyRequestSender - Using pooled Channel '[id: 0xfeb39d15, L:/127.0.0.1:52838 - R:localhost/127.0.0.1:30795]' for 'POST' to 'http://localhost:30795/session/40dd50c09bd17550bf1d6c127a70e91f/element'
15:44:19.719 [Forwarding findElement on session 40dd50c09bd17550bf1d6c127a70e91f to remote] DEBUG org.asynchttpclient.netty.request.NettyRequestSender - Using open Channel [id: 0xfeb39d15, L:/127.0.0.1:52838 - R:localhost/127.0.0.1:30795] for POST '/session/40dd50c09bd17550bf1d6c127a70e91f/element'
15:44:19.761 [AsyncHttpClient-1-2] DEBUG org.asynchttpclient.netty.handler.HttpHandler - 

Request DefaultHttpRequest(decodeResult: success, version: HTTP/1.1)
POST /session/40dd50c09bd17550bf1d6c127a70e91f/element HTTP/1.1
User-Agent: selenium/4.8.1 (java windows)
Content-Length: 81
Content-Type: application/json; charset=utf-8
host: localhost:30795
accept: */*

Response DefaultHttpResponse(decodeResult: success, version: HTTP/1.1)
HTTP/1.1 200 OK
Content-Length: 125
Content-Type: application/json; charset=utf-8
cache-control: no-cache

15:44:19.761 [AsyncHttpClient-1-2] DEBUG org.asynchttpclient.netty.channel.ChannelManager - Adding key: http://localhost:30795 for channel [id: 0xfeb39d15, L:/127.0.0.1:52838 - R:localhost/127.0.0.1:30795]
15:44:19.769 [Forwarding clearElement on session 40dd50c09bd17550bf1d6c127a70e91f to remote] DEBUG org.asynchttpclient.netty.request.NettyRequestSender - Using pooled Channel '[id: 0xfeb39d15, L:/127.0.0.1:52838 - R:localhost/127.0.0.1:30795]' for 'POST' to 'http://localhost:30795/session/40dd50c09bd17550bf1d6c127a70e91f/element/f.21527BF0E2DA551384A88EF364E60F33.d.43746E8B1BA8DFA922ECF1532F320521.e.3/clear'
15:44:19.769 [Forwarding clearElement on session 40dd50c09bd17550bf1d6c127a70e91f to remote] DEBUG org.asynchttpclient.netty.request.NettyRequestSender - Using open Channel [id: 0xfeb39d15, L:/127.0.0.1:52838 - R:localhost/127.0.0.1:30795] for POST '/session/40dd50c09bd17550bf1d6c127a70e91f/element/f.21527BF0E2DA551384A88EF364E60F33.d.43746E8B1BA8DFA922ECF1532F320521.e.3/clear'
15:44:19.831 [AsyncHttpClient-1-2] DEBUG org.asynchttpclient.netty.handler.HttpHandler - 

Request DefaultHttpRequest(decodeResult: success, version: HTTP/1.1)
POST /session/40dd50c09bd17550bf1d6c127a70e91f/element/f.21527BF0E2DA551384A88EF364E60F33.d.43746E8B1BA8DFA922ECF1532F320521.e.3/clear HTTP/1.1
User-Agent: selenium/4.8.1 (java windows)
Content-Length: 87
Content-Type: application/json; charset=utf-8
host: localhost:30795
accept: */*

Response DefaultHttpResponse(decodeResult: success, version: HTTP/1.1)
HTTP/1.1 200 OK
Content-Length: 14
Content-Type: application/json; charset=utf-8
cache-control: no-cache

15:44:19.831 [AsyncHttpClient-1-2] DEBUG org.asynchttpclient.netty.channel.ChannelManager - Adding key: http://localhost:30795 for channel [id: 0xfeb39d15, L:/127.0.0.1:52838 - R:localhost/127.0.0.1:30795]
15:44:19.837 [Forwarding sendKeysToElement on session 40dd50c09bd17550bf1d6c127a70e91f to remote] DEBUG org.asynchttpclient.netty.request.NettyRequestSender - Using pooled Channel '[id: 0xfeb39d15, L:/127.0.0.1:52838 - R:localhost/127.0.0.1:30795]' for 'POST' to 'http://localhost:30795/session/40dd50c09bd17550bf1d6c127a70e91f/element/f.21527BF0E2DA551384A88EF364E60F33.d.43746E8B1BA8DFA922ECF1532F320521.e.3/value'
15:44:19.837 [Forwarding sendKeysToElement on session 40dd50c09bd17550bf1d6c127a70e91f to remote] DEBUG org.asynchttpclient.netty.request.NettyRequestSender - Using open Channel [id: 0xfeb39d15, L:/127.0.0.1:52838 - R:localhost/127.0.0.1:30795] for POST '/session/40dd50c09bd17550bf1d6c127a70e91f/element/f.21527BF0E2DA551384A88EF364E60F33.d.43746E8B1BA8DFA922ECF1532F320521.e.3/value'
15:44:20.009 [AsyncHttpClient-1-2] DEBUG org.asynchttpclient.netty.handler.HttpHandler - 

Request DefaultHttpRequest(decodeResult: success, version: HTTP/1.1)
POST /session/40dd50c09bd17550bf1d6c127a70e91f/element/f.21527BF0E2DA551384A88EF364E60F33.d.43746E8B1BA8DFA922ECF1532F320521.e.3/value HTTP/1.1
User-Agent: selenium/4.8.1 (java windows)
Content-Length: 218
Content-Type: application/json; charset=utf-8
host: localhost:30795
accept: */*

Response DefaultHttpResponse(decodeResult: success, version: HTTP/1.1)
HTTP/1.1 200 OK
Content-Length: 14
Content-Type: application/json; charset=utf-8
cache-control: no-cache

15:44:20.010 [AsyncHttpClient-1-2] DEBUG org.asynchttpclient.netty.channel.ChannelManager - Adding key: http://localhost:30795 for channel [id: 0xfeb39d15, L:/127.0.0.1:52838 - R:localhost/127.0.0.1:30795]
15:44:20.011 [AsyncHttpClient-1-1] DEBUG org.asynchttpclient.netty.channel.DefaultChannelPool - Entry count for : http://localhost:30795 : 1
15:44:20.011 [AsyncHttpClient-1-1] DEBUG org.asynchttpclient.netty.channel.DefaultChannelPool - Entry count for : http://localhost:52839 : 1
15:44:20.030 [Forwarding getAlertText on session 40dd50c09bd17550bf1d6c127a70e91f to remote] DEBUG org.asynchttpclient.netty.request.NettyRequestSender - Using pooled Channel '[id: 0xfeb39d15, L:/127.0.0.1:52838 - R:localhost/127.0.0.1:30795]' for 'GET' to 'http://localhost:30795/session/40dd50c09bd17550bf1d6c127a70e91f/alert/text'
15:44:20.030 [Forwarding getAlertText on session 40dd50c09bd17550bf1d6c127a70e91f to remote] DEBUG org.asynchttpclient.netty.request.NettyRequestSender - Using open Channel [id: 0xfeb39d15, L:/127.0.0.1:52838 - R:localhost/127.0.0.1:30795] for GET '/session/40dd50c09bd17550bf1d6c127a70e91f/alert/text'
15:44:20.035 [AsyncHttpClient-1-2] DEBUG org.asynchttpclient.netty.handler.HttpHandler - 

Request DefaultFullHttpRequest(decodeResult: success, version: HTTP/1.1, content: EmptyByteBufBE)
GET /session/40dd50c09bd17550bf1d6c127a70e91f/alert/text HTTP/1.1
User-Agent: selenium/4.8.1 (java windows)
Cache-Control: no-cache
Content-Type: application/json; charset=utf-8
host: localhost:30795
accept: */*

Response DefaultHttpResponse(decodeResult: success, version: HTTP/1.1)
HTTP/1.1 404 Not Found
Content-Length: 513
Content-Type: application/json; charset=utf-8
cache-control: no-cache

15:44:20.036 [AsyncHttpClient-1-2] DEBUG org.asynchttpclient.netty.channel.ChannelManager - Adding key: http://localhost:30795 for channel [id: 0xfeb39d15, L:/127.0.0.1:52838 - R:localhost/127.0.0.1:30795]
15:44:20.049 [Forwarding getCurrentUrl on session 40dd50c09bd17550bf1d6c127a70e91f to remote] DEBUG org.asynchttpclient.netty.request.NettyRequestSender - Using pooled Channel '[id: 0xfeb39d15, L:/127.0.0.1:52838 - R:localhost/127.0.0.1:30795]' for 'GET' to 'http://localhost:30795/session/40dd50c09bd17550bf1d6c127a70e91f/url'
15:44:20.049 [Forwarding getCurrentUrl on session 40dd50c09bd17550bf1d6c127a70e91f to remote] DEBUG org.asynchttpclient.netty.request.NettyRequestSender - Using open Channel [id: 0xfeb39d15, L:/127.0.0.1:52838 - R:localhost/127.0.0.1:30795] for GET '/session/40dd50c09bd17550bf1d6c127a70e91f/url'
15:44:20.065 [AsyncHttpClient-1-2] DEBUG org.asynchttpclient.netty.handler.HttpHandler - 

Request DefaultFullHttpRequest(decodeResult: success, version: HTTP/1.1, content: EmptyByteBufBE)
GET /session/40dd50c09bd17550bf1d6c127a70e91f/url HTTP/1.1
User-Agent: selenium/4.8.1 (java windows)
Cache-Control: no-cache
Content-Type: application/json; charset=utf-8
host: localhost:30795
accept: */*

Response DefaultHttpResponse(decodeResult: success, version: HTTP/1.1)
HTTP/1.1 200 OK
Content-Length: 41
Content-Type: application/json; charset=utf-8
cache-control: no-cache

15:44:20.065 [AsyncHttpClient-1-2] DEBUG org.asynchttpclient.netty.channel.ChannelManager - Adding key: http://localhost:30795 for channel [id: 0xfeb39d15, L:/127.0.0.1:52838 - R:localhost/127.0.0.1:30795]
15:44:20.098 [Forwarding screenshot on session 40dd50c09bd17550bf1d6c127a70e91f to remote] DEBUG org.asynchttpclient.netty.request.NettyRequestSender - Using pooled Channel '[id: 0xfeb39d15, L:/127.0.0.1:52838 - R:localhost/127.0.0.1:30795]' for 'GET' to 'http://localhost:30795/session/40dd50c09bd17550bf1d6c127a70e91f/screenshot'
15:44:20.098 [Forwarding screenshot on session 40dd50c09bd17550bf1d6c127a70e91f to remote] DEBUG org.asynchttpclient.netty.request.NettyRequestSender - Using open Channel [id: 0xfeb39d15, L:/127.0.0.1:52838 - R:localhost/127.0.0.1:30795] for GET '/session/40dd50c09bd17550bf1d6c127a70e91f/screenshot'
15:44:20.339 [AsyncHttpClient-1-2] DEBUG org.asynchttpclient.netty.handler.HttpHandler - 

Request DefaultFullHttpRequest(decodeResult: success, version: HTTP/1.1, content: EmptyByteBufBE)
GET /session/40dd50c09bd17550bf1d6c127a70e91f/screenshot HTTP/1.1
User-Agent: selenium/4.8.1 (java windows)
Cache-Control: no-cache
Content-Type: application/json; charset=utf-8
host: localhost:30795
accept: */*

Response DefaultHttpResponse(decodeResult: success, version: HTTP/1.1)
HTTP/1.1 200 OK
Content-Length: 63912
Content-Type: application/json; charset=utf-8
cache-control: no-cache

15:44:20.356 [AsyncHttpClient-1-2] DEBUG org.asynchttpclient.netty.channel.ChannelManager - Adding key: http://localhost:30795 for channel [id: 0xfeb39d15, L:/127.0.0.1:52838 - R:localhost/127.0.0.1:30795]
15:44:20.361 [main] DEBUG net.serenitybdd.core.photography.Darkroom - Send negative for processing for target\site\serenity\f0bd0baaaad27c27f4f3c75cb6a72bad750703219d750cc4191e15c43d6ed791.png
15:44:20.361 [main] DEBUG net.thucydides.core.steps.StepInterceptor - STEP DONE: inputPassword
  &amp#27;[32mAnd &amp#27;[0m&amp#27;[32mI enter Password &amp#27;[0m&amp#27;[32m&amp#27;[1m"Sosio@2025"&amp#27;[0m                                      &amp#27;[90m# starter.StepDefinitions.AuthSteps.iEnterPassword(java.lang.String)&amp#27;[0m
15:44:20.363 [Darkroom Processing Line] DEBUG net.serenitybdd.core.photography.DarkroomProcessingLine - Processing screenshot image in /var/screenshots/screenshot-642909205256468537
15:44:20.364 [Darkroom Processing Line] DEBUG net.serenitybdd.core.photography.DarkroomProcessingLine - Saving screenshot to target\site\serenity\f0bd0baaaad27c27f4f3c75cb6a72bad750703219d750cc4191e15c43d6ed791.png
15:44:20.413 [Forwarding getPageSource on session 40dd50c09bd17550bf1d6c127a70e91f to remote] DEBUG org.asynchttpclient.netty.request.NettyRequestSender - Using pooled Channel '[id: 0xfeb39d15, L:/127.0.0.1:52838 - R:localhost/127.0.0.1:30795]' for 'POST' to 'http://localhost:30795/session/40dd50c09bd17550bf1d6c127a70e91f/execute/sync'
15:44:20.414 [Forwarding getPageSource on session 40dd50c09bd17550bf1d6c127a70e91f to remote] DEBUG org.asynchttpclient.netty.request.NettyRequestSender - Using open Channel [id: 0xfeb39d15, L:/127.0.0.1:52838 - R:localhost/127.0.0.1:30795] for POST '/session/40dd50c09bd17550bf1d6c127a70e91f/execute/sync'
15:44:20.427 [AsyncHttpClient-1-2] DEBUG org.asynchttpclient.netty.handler.HttpHandler - 

Request DefaultHttpRequest(decodeResult: success, version: HTTP/1.1)
[...]
15:45:14.795 [AsyncHttpClient-1-2] DEBUG org.asynchttpclient.netty.handler.HttpHandler - 

Request DefaultFullHttpRequest(decodeResult: success, version: HTTP/1.1, content: EmptyByteBufBE)
GET /session/40dd50c09bd17550bf1d6c127a70e91f/url HTTP/1.1
User-Agent: selenium/4.8.1 (java windows)
Cache-Control: no-cache
Content-Type: application/json; charset=utf-8
host: localhost:30795
accept: */*

Response DefaultHttpResponse(decodeResult: success, version: HTTP/1.1)
HTTP/1.1 200 OK
Content-Length: 59
Content-Type: application/json; charset=utf-8
cache-control: no-cache

15:45:14.795 [AsyncHttpClient-1-2] DEBUG org.asynchttpclient.netty.channel.ChannelManager - Adding key: http://localhost:30795 for channel [id: 0xfeb39d15, L:/127.0.0.1:52838 - R:localhost/127.0.0.1:30795]
  &amp#27;[31mAnd &amp#27;[0m&amp#27;[31mI click Hub dengan perusahaan tab&amp#27;[0m                                  &amp#27;[90m# starter.StepDefinitions.StakeholderSteps.clickHubunganPerusahaanTab()&amp#27;[0m
      &amp#27;[31morg.openqa.selenium.ElementClickInterceptedException: element click intercepted: Element <a id="wizard3-t-4" href="#wizard3-h-4" aria-controls="wizard3-p-4">...</a> is not clickable at point (910, 19). Other element would receive the click: <li class="dropdown main-profile-menu nav nav-item nav-link">...</li>
  (Session info: chrome=142.0.7444.59)
Build info: version: '4.8.1', revision: '8ebccac989'
System info: os.name: 'Windows 11', os.arch: 'amd64', os.version: '10.0', java.version: '19.0.2'
Driver info: org.openqa.selenium.chrome.ChromeDriver
Command: [40dd50c09bd17550bf1d6c127a70e91f, clickElement {id=f.21527BF0E2DA551384A88EF364E60F33.d.D68E54FE2784CA54F43368AB6DAB832E.e.288}]
Capabilities {acceptInsecureCerts: true, browserName: chrome, browserVersion: 142.0.7444.59, chrome: {chromedriverVersion: 142.0.7444.61 (9884f628acbc..., userDataDir: C:\Users\Riska\AppData\Loca...}, fedcm:accounts: true, goog:chromeOptions: {debuggerAddress: localhost:52839}, goog:processID: 6660, networkConnectionEnabled: false, pageLoadStrategy: normal, platformName: WINDOWS, proxy: Proxy(), se:cdp: ws://localhost:52839/devtoo..., se:cdpVersion: 142.0.7444.59, setWindowRect: true, strictFileInteractability: false, timeouts: {implicit: 0, pageLoad: 300000, script: 30000}, unhandledPromptBehavior: dismiss and notify, webauthn:extension:credBlob: true, webauthn:extension:largeBlob: true, webauthn:extension:minPinLength: true, webauthn:extension:prf: true, webauthn:virtualAuthenticators: true}
Element: [[ChromeDriver: chrome on WINDOWS (40dd50c09bd17550bf1d6c127a70e91f)] -> xpath: //a[contains(.,'Hub. Dengan Perusahaan')]]
Session ID: 40dd50c09bd17550bf1d6c127a70e91f
	at java.base/jdk.internal.reflect.DirectConstructorHandleAccessor.newInstance(DirectConstructorHandleAccessor.java:67)
	at java.base/java.lang.reflect.Constructor.newInstanceWithCaller(Constructor.java:500)
	at java.base/java.lang.reflect.Constructor.newInstance(Constructor.java:484)
	at org.openqa.selenium.remote.codec.w3c.W3CHttpResponseCodec.createException(W3CHttpResponseCodec.java:200)
	at org.openqa.selenium.remote.codec.w3c.W3CHttpResponseCodec.decode(W3CHttpResponseCodec.java:133)
	at org.openqa.selenium.remote.codec.w3c.W3CHttpResponseCodec.decode(W3CHttpResponseCodec.java:53)
	at org.openqa.selenium.remote.HttpCommandExecutor.execute(HttpCommandExecutor.java:184)
	at org.openqa.selenium.remote.service.DriverCommandExecutor.invokeExecute(DriverCommandExecutor.java:167)
	at org.openqa.selenium.remote.service.DriverCommandExecutor.execute(DriverCommandExecutor.java:142)
	at org.openqa.selenium.remote.RemoteWebDriver.execute(RemoteWebDriver.java:543)
	at org.openqa.selenium.remote.RemoteWebElement.execute(RemoteWebElement.java:257)
	at org.openqa.selenium.remote.RemoteWebElement.click(RemoteWebElement.java:78)
	at net.serenitybdd.core.pages.WebElementFacadeImpl.lambda$click$6(WebElementFacadeImpl.java:1213)
	at net.serenitybdd.core.pages.WithRetries.perform(WithRetries.java:22)
	at net.serenitybdd.core.pages.WithRetries.perform(WithRetries.java:27)
	at net.serenitybdd.core.pages.WithRetries.perform(WithRetries.java:27)
	at net.serenitybdd.core.pages.WithRetries.perform(WithRetries.java:27)
	at net.serenitybdd.core.pages.WithRetries.perform(WithRetries.java:27)
	at net.serenitybdd.core.pages.WithRetries.perform(WithRetries.java:27)
	at net.serenitybdd.core.pages.WithRetries.perform(WithRetries.java:27)
	at net.serenitybdd.core.pages.WithRetries.perform(WithRetries.java:27)
	at net.serenitybdd.core.pages.WithRetries.perform(WithRetries.java:27)
	at net.serenitybdd.core.pages.WithRetries.perform(WithRetries.java:27)
	at net.serenitybdd.core.pages.WithRetries.perform(WithRetries.java:27)
	at net.serenitybdd.core.pages.WithRetries.perform(WithRetries.java:27)
	at net.serenitybdd.core.pages.WebElementFacadeImpl.click(WebElementFacadeImpl.java:1213)
	at net.serenitybdd.core.pages.WebElementFacadeImpl.click(WebElementFacadeImpl.java:1224)
	at WebTesting@1.0-SNAPSHOT/starter.Sosio.Stakeholder.clickHubunganPerusahaanTab(Stakeholder.java:244)
	at WebTesting@1.0-SNAPSHOT/starter.Sosio.Stakeholder$ByteBuddy$Zpo6NlAu.clickHubunganPerusahaanTab$accessor$ONQZdMZ3(Unknown Source)
	at java.base/jdk.internal.reflect.DirectMethodHandleAccessor.invoke(DirectMethodHandleAccessor.java:104)
	at java.base/java.lang.reflect.Method.invoke(Method.java:578)
	at net.thucydides.core.steps.StepInterceptor.invokeMethod(StepInterceptor.java:518)
	at net.thucydides.core.steps.StepInterceptor.executeTestStepMethod(StepInterceptor.java:498)
	at net.thucydides.core.steps.StepInterceptor.runTestStep(StepInterceptor.java:472)
	at net.thucydides.core.steps.StepInterceptor.runOrSkipMethod(StepInterceptor.java:211)
	at net.thucydides.core.steps.StepInterceptor.testStepResult(StepInterceptor.java:198)
	at net.thucydides.core.steps.StepInterceptor.intercept(StepInterceptor.java:86)
	at net.thucydides.core.steps.ProxyConfiguration$InterceptorDispatcher.intercept(ProxyConfiguration.java:51)
	at WebTesting@1.0-SNAPSHOT/starter.Sosio.Stakeholder$ByteBuddy$Zpo6NlAu.clickHubunganPerusahaanTab(Unknown Source)
	at WebTesting@1.0-SNAPSHOT/starter.StepDefinitions.StakeholderSteps.clickHubunganPerusahaanTab(StakeholderSteps.java:165)
	at ✽.I click Hub dengan perusahaan tab(file:///D:/Test/Sosio.test-web/src/test/resources/features/Stakeholder.feature:42)
&amp#27;[0m
  &amp#27;[36mAnd &amp#27;[0m&amp#27;[36mI fill proyeksi kepentingan &amp#27;[0m&amp#27;[36m&amp#27;[1m"tidak ada"&amp#27;[0m                            &amp#27;[90m# starter.StepDefinitions.StakeholderSteps.fillProyeksiKepentingan(java.lang.String)&amp#27;[0m
  &amp#27;[36mAnd &amp#27;[0m&amp#27;[36mI fill ancaman &amp#27;[0m&amp#27;[36m&amp#27;[1m"tidak ada"&amp#27;[0m                                         &amp#27;[90m# starter.StepDefinitions.StakeholderSteps.fillAncaman(java.lang.String)&amp#27;[0m
  &amp#27;[36mAnd &amp#27;[0m&amp#27;[36mI fill Gambaran kekuatan &amp#27;[0m&amp#27;[36m&amp#27;[1m"tidak ada"&amp#27;[0m                               &amp#27;[90m# starter.StepDefinitions.StakeholderSteps.fillGambaranKekuatan(java.lang.String)&amp#27;[0m
  &amp#27;[36mAnd &amp#27;[0m&amp#27;[36mI fill afiliasi positif &amp#27;[0m&amp#27;[36m&amp#27;[1m"tidak ada"&amp#27;[0m                                &amp#27;[90m# starter.StepDefinitions.StakeholderSteps.fillAfiliasiPositif(java.lang.String)&amp#27;[0m
  &amp#27;[36mAnd &amp#27;[0m&amp#27;[36mI fill afiliasi negatif &amp#27;[0m&amp#27;[36m&amp#27;[1m"tidak ada"&amp#27;[0m                                &amp#27;[90m# starter.StepDefinitions.StakeholderSteps.fillAfiliasiNegatif(java.lang.String)&amp#27;[0m
  &amp#27;[36mAnd &amp#27;[0m&amp#27;[36mI fill tokoh yang disegani &amp#27;[0m&amp#27;[36m&amp#27;[1m"tidak tau"&amp#27;[0m                             &amp#27;[90m# starter.StepDefinitions.StakeholderSteps.fillTokohDisegani(java.lang.String)&amp#27;[0m
  &amp#27;[36mAnd &amp#27;[0m&amp#27;[36mI fill benerfit yang didapatkan dari perusahaan &amp#27;[0m&amp#27;[36m&amp#27;[1m"tidak bermanfaat"&amp#27;[0m &amp#27;[90m# starter.StepDefinitions.StakeholderSteps.fillBenefitPerusahaan(java.lang.String)&amp#27;[0m
  &amp#27;[36mAnd &amp#27;[0m&amp#27;[36mI fill histori konflik&amp#27;[0m                                             &amp#27;[90m# starter.StepDefinitions.StakeholderSteps.fillHistoriKonflik()&amp#27;[0m
  &amp#27;[36mAnd &amp#27;[0m&amp#27;[36mI click simpan button add stakeholder&amp#27;[0m                              &amp#27;[90m# starter.StepDefinitions.StakeholderSteps.clickSimpanButton()&amp#27;[0m
  &amp#27;[36mThen &amp#27;[0m&amp#27;[36mA confirmation popup appears&amp#27;[0m                                      &amp#27;[90m# starter.StepDefinitions.StakeholderSteps.aConfirmationPopupAppears()&amp#27;[0m
  &amp#27;[36mAnd &amp#27;[0m&amp#27;[36mI fill keterangan &amp#27;[0m&amp#27;[36m&amp#27;[1m"Pengajuan penambahan stakeholder baru"&amp#27;[0m          &amp#27;[90m# starter.StepDefinitions.StakeholderSteps.iFillKeterangan(java.lang.String)&amp#27;[0m
  &amp#27;[36mAnd &amp#27;[0m&amp#27;[36mI click simpan button on confirmation popup&amp#27;[0m                        &amp#27;[90m# starter.StepDefinitions.StakeholderSteps.iClickSimpanButtonOnConfirmationPopup()&amp#27;[0m
  &amp#27;[36mThen &amp#27;[0m&amp#27;[36mI should see success notification &amp#27;[0m&amp#27;[36m&amp#27;[1m"Data Berhasil Disimpan"&amp#27;[0m        &amp#27;[90m# starter.StepDefinitions.StakeholderSteps.iShouldSeeSuccessNotification(java.lang.String)&amp#27;[0m
15:45:14.991 [main] ERROR  - 
  _____   ___   ___   _____     ___   ___   ___    ___    ___ 
 |_   _| | __| / __| |_   _|   | __| | _ \ | _ \  / _ \  | _ \
   | |   | _|  \__ \   | |     | _|  |   / |   / | (_) | |   /
   |_|   |___| |___/   |_|     |___| |_|_\ |_|_\  \___/  |_|_\

make a submission to add stakeholders
---------------------------------------------------------------
15:45:14.994 [main] DEBUG  - RELATED ISSUES: 
15:45:14.998 [main] ERROR  -     Test failed at step: Click hubungan perusahaan tab
15:45:14.998 [main] ERROR  -     element click intercepted: Element <a id="wizard3-t-4" href="#wizard3-h-4" aria-controls="wizard3-p-4">...</a> is not clickable at point (910, 19). Other element would receive the click: <li class="dropdown main-profile-menu nav nav-item nav-link">...</li>
15:45:15.005 [AsyncHttpClient-1-1] DEBUG org.asynchttpclient.netty.channel.DefaultChannelPool - Entry count for : http://localhost:30795 : 1
15:45:15.005 [AsyncHttpClient-1-1] DEBUG org.asynchttpclient.netty.channel.DefaultChannelPool - Entry count for : http://localhost:52839 : 1
15:45:15.065 [Driver Command Executor] DEBUG org.asynchttpclient.netty.request.NettyRequestSender - Using pooled Channel '[id: 0xfeb39d15, L:/127.0.0.1:52838 - R:localhost/127.0.0.1:30795]' for 'DELETE' to 'http://localhost:30795/session/40dd50c09bd17550bf1d6c127a70e91f'
15:45:15.065 [Driver Command Executor] DEBUG org.asynchttpclient.netty.request.NettyRequestSender - Using open Channel [id: 0xfeb39d15, L:/127.0.0.1:52838 - R:localhost/127.0.0.1:30795] for DELETE '/session/40dd50c09bd17550bf1d6c127a70e91f'
15:45:15.166 [AsyncHttpClient-1-4] DEBUG org.asynchttpclient.netty.handler.WebSocketHandler - Unexpected I/O exception on channel [id: 0x7ba5a958, L:/127.0.0.1:49580 - R:localhost/127.0.0.1:52839]
java.net.SocketException: Connection reset
	at java.base/sun.nio.ch.SocketChannelImpl.throwConnectionReset(SocketChannelImpl.java:401)
	at java.base/sun.nio.ch.SocketChannelImpl.read(SocketChannelImpl.java:434)
	at io.netty.buffer.PooledByteBuf.setBytes(PooledByteBuf.java:259)
	at io.netty.buffer.AbstractByteBuf.writeBytes(AbstractByteBuf.java:1132)
	at io.netty.channel.socket.nio.NioSocketChannel.doReadBytes(NioSocketChannel.java:357)
	at io.netty.channel.nio.AbstractNioByteChannel$NioByteUnsafe.read(AbstractNioByteChannel.java:151)
	at io.netty.channel.nio.NioEventLoop.processSelectedKey(NioEventLoop.java:788)
	at io.netty.channel.nio.NioEventLoop.processSelectedKeysOptimized(NioEventLoop.java:724)
	at io.netty.channel.nio.NioEventLoop.processSelectedKeys(NioEventLoop.java:650)
	at io.netty.channel.nio.NioEventLoop.run(NioEventLoop.java:562)
	at io.netty.util.concurrent.SingleThreadEventExecutor$4.run(SingleThreadEventExecutor.java:997)
	at io.netty.util.internal.ThreadExecutorMap$2.run(ThreadExecutorMap.java:74)
	at io.netty.util.concurrent.FastThreadLocalRunnable.run(FastThreadLocalRunnable.java:30)
	at java.base/java.lang.Thread.run(Thread.java:1589)
15:45:15.166 [AsyncHttpClient-1-3] DEBUG org.asynchttpclient.netty.handler.HttpHandler - Unexpected I/O exception on channel [id: 0x73537d6d, L:/127.0.0.1:49579 - R:localhost/127.0.0.1:52839]
java.net.SocketException: Connection reset
	at java.base/sun.nio.ch.SocketChannelImpl.throwConnectionReset(SocketChannelImpl.java:401)
	at java.base/sun.nio.ch.SocketChannelImpl.read(SocketChannelImpl.java:434)
	at io.netty.buffer.PooledByteBuf.setBytes(PooledByteBuf.java:259)
	at io.netty.buffer.AbstractByteBuf.writeBytes(AbstractByteBuf.java:1132)
	at io.netty.channel.socket.nio.NioSocketChannel.doReadBytes(NioSocketChannel.java:357)
	at io.netty.channel.nio.AbstractNioByteChannel$NioByteUnsafe.read(AbstractNioByteChannel.java:151)
	at io.netty.channel.nio.NioEventLoop.processSelectedKey(NioEventLoop.java:788)
	at io.netty.channel.nio.NioEventLoop.processSelectedKeysOptimized(NioEventLoop.java:724)
	at io.netty.channel.nio.NioEventLoop.processSelectedKeys(NioEventLoop.java:650)
	at io.netty.channel.nio.NioEventLoop.run(NioEventLoop.java:562)
	at io.netty.util.concurrent.SingleThreadEventExecutor$4.run(SingleThreadEventExecutor.java:997)
	at io.netty.util.internal.ThreadExecutorMap$2.run(ThreadExecutorMap.java:74)
	at io.netty.util.concurrent.FastThreadLocalRunnable.run(FastThreadLocalRunnable.java:30)
	at java.base/java.lang.Thread.run(Thread.java:1589)
15:45:15.166 [AsyncHttpClient-1-3] DEBUG org.asynchttpclient.netty.channel.ChannelManager - Closing Channel [id: 0x73537d6d, L:/127.0.0.1:49579 - R:localhost/127.0.0.1:52839] 
15:45:15.167 [AsyncHttpClient-1-4] DEBUG org.asynchttpclient.netty.handler.WebSocketHandler - Was unable to recover Future: NettyResponseFuture{currentRetry=0,
	isDone=1,
	isCancelled=0,
	asyncHandler=org.asynchttpclient.ws.WebSocketUpgradeHandler@52b0cd77,
	nettyRequest=org.asynchttpclient.netty.request.NettyRequest@79c60484,
	future=java.util.concurrent.CompletableFuture@bdaa59f[Completed normally],
	uri=ws://localhost:52839/devtools/browser/1849ebe4-77a4-43ce-b3db-54e18b7d4472,
	keepAlive=true,
	redirectCount=0,
	timeoutsHolder=null,
	inAuth=0,
	touch=1762418715166}
15:45:15.167 [AsyncHttpClient-1-4] DEBUG org.asynchttpclient.netty.channel.ChannelManager - Closing Channel [id: 0x7ba5a958, L:/127.0.0.1:49580 - R:localhost/127.0.0.1:52839] 
15:45:15.168 [AsyncHttpClient-1-4] WARN org.asynchttpclient.netty.handler.WebSocketHandler - onError
java.net.SocketException: Connection reset
	at java.base/sun.nio.ch.SocketChannelImpl.throwConnectionReset(SocketChannelImpl.java:401)
	at java.base/sun.nio.ch.SocketChannelImpl.read(SocketChannelImpl.java:434)
	at io.netty.buffer.PooledByteBuf.setBytes(PooledByteBuf.java:259)
	at io.netty.buffer.AbstractByteBuf.writeBytes(AbstractByteBuf.java:1132)
	at io.netty.channel.socket.nio.NioSocketChannel.doReadBytes(NioSocketChannel.java:357)
	at io.netty.channel.nio.AbstractNioByteChannel$NioByteUnsafe.read(AbstractNioByteChannel.java:151)
	at io.netty.channel.nio.NioEventLoop.processSelectedKey(NioEventLoop.java:788)
	at io.netty.channel.nio.NioEventLoop.processSelectedKeysOptimized(NioEventLoop.java:724)
	at io.netty.channel.nio.NioEventLoop.processSelectedKeys(NioEventLoop.java:650)
	at io.netty.channel.nio.NioEventLoop.run(NioEventLoop.java:562)
	at io.netty.util.concurrent.SingleThreadEventExecutor$4.run(SingleThreadEventExecutor.java:997)
	at io.netty.util.internal.ThreadExecutorMap$2.run(ThreadExecutorMap.java:74)
	at io.netty.util.concurrent.FastThreadLocalRunnable.run(FastThreadLocalRunnable.java:30)
	at java.base/java.lang.Thread.run(Thread.java:1589)
15:45:15.169 [AsyncHttpClient-1-3] DEBUG org.asynchttpclient.netty.handler.HttpHandler - Channel Closed: [id: 0x73537d6d, L:/127.0.0.1:49579 ! R:localhost/127.0.0.1:52839] with attribute DISCARD
15:45:15.170 [AsyncHttpClient-1-4] DEBUG org.asynchttpclient.netty.channel.ChannelManager - Closing Channel [id: 0x7ba5a958, L:/127.0.0.1:49580 ! R:localhost/127.0.0.1:52839] 
15:45:15.170 [AsyncHttpClient-1-4] DEBUG org.asynchttpclient.netty.handler.WebSocketHandler - Channel Closed: [id: 0x7ba5a958, L:/127.0.0.1:49580 ! R:localhost/127.0.0.1:52839] with attribute DISCARD
15:45:15.228 [AsyncHttpClient-1-2] DEBUG org.asynchttpclient.netty.handler.HttpHandler - 

Request DefaultFullHttpRequest(decodeResult: success, version: HTTP/1.1, content: EmptyByteBufBE)
DELETE /session/40dd50c09bd17550bf1d6c127a70e91f HTTP/1.1
User-Agent: selenium/4.8.1 (java windows)
Content-Type: application/json; charset=utf-8
host: localhost:30795
accept: */*

Response DefaultHttpResponse(decodeResult: success, version: HTTP/1.1)
HTTP/1.1 200 OK
Content-Length: 14
Content-Type: application/json; charset=utf-8
cache-control: no-cache

15:45:15.229 [AsyncHttpClient-1-2] DEBUG org.asynchttpclient.netty.channel.ChannelManager - Adding key: http://localhost:30795 for channel [id: 0xfeb39d15, L:/127.0.0.1:52838 - R:localhost/127.0.0.1:30795]
15:45:15.379 [AsyncHttpClient-1-2] DEBUG org.asynchttpclient.netty.handler.HttpHandler - Channel Closed: [id: 0xfeb39d15, L:/127.0.0.1:52838 ! R:localhost/127.0.0.1:30795] with attribute DISCARD
]]></system-out>
    <system-err><![CDATA[Starting ChromeDriver 142.0.7444.61 (9884f628acbc5ba8787e2c95a8923a30cf127fd8-refs/branch-heads/7444_52@{#6}) on port 30795
Only local connections are allowed.
Please see https://chromedriver.chromium.org/security-considerations for suggestions on keeping ChromeDriver safe.
ChromeDriver was started successfully on port 30795.
Nov 06, 2025 3:44:16 PM org.openqa.selenium.devtools.CdpVersionFinder findNearestMatch
WARNING: Unable to find CDP implementation matching 142
Nov 06, 2025 3:44:16 PM org.openqa.selenium.chromium.ChromiumDriver lambda$new$3
WARNING: Unable to find version of CDP to use for . You may need to include a dependency on a specific version of the CDP using something similar to `org.seleniumhq.selenium:selenium-devtools-v86:4.8.1` where the version ("v86") matches the version of the chromium-based browser you're using and the version number of the artifact is the same as Selenium's.
Nov 06, 2025 3:45:15 PM org.openqa.selenium.remote.http.WebSocket$Listener onError
WARNING: Connection reset
java.net.SocketException: Connection reset
	at java.base/sun.nio.ch.SocketChannelImpl.throwConnectionReset(SocketChannelImpl.java:401)
	at java.base/sun.nio.ch.SocketChannelImpl.read(SocketChannelImpl.java:434)
	at io.netty.buffer.PooledByteBuf.setBytes(PooledByteBuf.java:259)
	at io.netty.buffer.AbstractByteBuf.writeBytes(AbstractByteBuf.java:1132)
	at io.netty.channel.socket.nio.NioSocketChannel.doReadBytes(NioSocketChannel.java:357)
	at io.netty.channel.nio.AbstractNioByteChannel$NioByteUnsafe.read(AbstractNioByteChannel.java:151)
	at io.netty.channel.nio.NioEventLoop.processSelectedKey(NioEventLoop.java:788)
	at io.netty.channel.nio.NioEventLoop.processSelectedKeysOptimized(NioEventLoop.java:724)
	at io.netty.channel.nio.NioEventLoop.processSelectedKeys(NioEventLoop.java:650)
	at io.netty.channel.nio.NioEventLoop.run(NioEventLoop.java:562)
	at io.netty.util.concurrent.SingleThreadEventExecutor$4.run(SingleThreadEventExecutor.java:997)
	at io.netty.util.internal.ThreadExecutorMap$2.run(ThreadExecutorMap.java:74)
	at io.netty.util.concurrent.FastThreadLocalRunnable.run(FastThreadLocalRunnable.java:30)
	at java.base/java.lang.Thread.run(Thread.java:1589)

]]></system-err>
  </testcase>
</testsuite>