<?xml version="1.0" encoding="UTF-8" standalone="no"?><testsuite errors="0" failures="0" name="login" skipped="0" tests="5" time="58.53" timestamp="2025-10-17 03:03:05"><testcase name="As user I have be able to success login"/><testcase name="As user I have be able to failed login with invalid password"/><testcase name="As user I have be able to failed login with password not filled"/><testcase name="As user I have be able to failed login with email not filled"/><testcase name="As user I have be able to failed login with email and password not filled"/></testsuite>